do run
loading script "jan_unknown400_120.py"
loading script "jan_pump_ms.py"
loading script "jan_co2.py"
loading script "jan_pump_extraction_line.py"
testing...
no interpolation path defined
executed snippet estimated_duration=556.052928, duration=0.000191211700439
script duration name:unknown400_120 seconds:556.0
loading script "jan_unknown400_120.py"
loading script "jan_pump_ms.py"
loading script "jan_co2.py"
loading script "jan_pump_extraction_line.py"
testing...
no interpolation path defined
executed snippet estimated_duration=0, duration=2.09808349609e-05
loading script "jan_unknown400_120.py"
loading script "jan_pump_ms.py"
loading script "jan_co2.py"
loading script "jan_pump_extraction_line.py"
testing...
no interpolation path defined
calculate duration
testing...
no interpolation path defined
executed snippet estimated_duration=0, duration=4.60147857666e-05
calculate duration
testing...
no interpolation path defined
executed snippet estimated_duration=0, duration=6.89029693604e-05
executed snippet estimated_duration=0.0, duration=0.001620054245
script duration name:co2 seconds:0.0
loading script "jan_unknown400_120.py"
loading script "jan_pump_ms.py"
loading script "jan_co2.py"
loading script "jan_pump_extraction_line.py"
testing...
no interpolation path defined
calculate duration
testing...
no interpolation path defined
executed snippet estimated_duration=4.0, duration=0.000106811523438
executed snippet estimated_duration=4.0, duration=0.000842094421387
Script duration 556.0
Run total estimated duration= 557.000
run duration: 0:09:17
doing event level: 2
20:23:35 -- Setting default integration. t=1.048576
setting integration time = 1.048576
SetIntegrationTime 1.048576 ===>> OK
----------------- start -----------------
**************** Experiment Type: Ar/Ar, Ar/Ar
create new session 4417584112
close session 4417584112
$$$$$ Clearing conditionals
adding conditionals 
Add queue conditionals
add default conditionals
adding default conditionals from /Users/jan/PychronDev/setupfiles/spectrometer/default_conditionals.yaml
Start automated run bu-FC-J-7920
loading script "jan_unknown400_120.py"
loading script "jan_pump_ms.py"
loading script "jan_co2.py"
loading script "jan_pump_extraction_line.py"
%%%%%%%%%%%%%%%%%% setting automated run bu-FC-J-7920
No value "sensitivity_multiplier" in metadata
$$$$$$$$$$$$$$$ auto_save_detector_ic=False
============================= Pre Extraction Check =============================
loading queue conditionals pre_run_terminations
loading system conditionals pre_run_terminations
loading conditionals from /Users/jan/PychronDev/setupfiles/spectrometer/default_conditionals.yaml
20:23:35 -- ******* Pre Extraction Check *******
Get a measurement from the spectrometer
Pre Extraction Termination data. keys=H2,H1,AX,L1,L2,CDD, signals=-0.20084,-0.08452,-0.06601,-0.03331,0.05314,0.00283
20:23:35 -- testing system defined conditionals
Checking default pre extraction terminations n=2
testing CDD
evaluate ot="CDD.inactive" t="CDD", ctx="{'CDD': False}"
GetDeflection CDD ===>> 50
testing CDD==2000
evaluate ot="CDD.deflection==2000" t="CDD==2000", ctx="{'CDD': 50.0}"
20:23:35 -- ******* Pre Extraction Check Passed *******
=================================================================================
20:23:35 -- stopping status monitor
stop 5006424496
Status monitor stopped
Status monitor finished
20:23:36 -- starting status monitor
start 5006424496
StatusMonitor period=1. Frequencies(state=2, checksum=3, lock=5, owner=5)
start extraction
do extraction
Analysis started at 20:23:38.442271
Extraction Started jan_co2.py
20:23:38 -- ******* Extraction Started jan_co2.py *******
state changed from not run to extraction
DO EXTRACTION <pychron.extraction_line.pyscript_runner.RemotePyScriptRunner object at 0x12cfd7710>
testing...
no interpolation path defined
calculate duration
testing...
no interpolation path defined
executed snippet estimated_duration=0, duration=4.19616699219e-05
calculate duration
testing...
no interpolation path defined
executed snippet estimated_duration=0, duration=8.70227813721e-05
executed snippet estimated_duration=120.0, duration=0.00239896774292
Jan CO2 laser analysis
doing GOSUB
testing...
no interpolation path defined
executed snippet estimated_duration=0, duration=3.60012054443e-05
Waiting for CO2 access
wait ('FelixCO2Flag', 0) {}
waiting for FelixCO2Flag = 0
Read FelixCO2Flag ===>> 0
finished waiting
CO2 free
wait ('CO2PumpTimeFlag', 0) {}
waiting for CO2PumpTimeFlag = 0
Read CO2PumpTimeFlag ===>> 0
finished waiting
acquire ('JanCO2Flag',) {'clear': True}
acquire JanCO2Flag
Set JanCO2Flag 1 ===>> OK
JanCO2Flag acquired
set extraction state False (0.75, 'red', 1.5)
CO2 acquired
executed snippet estimated_duration=0, duration=0.0193040370941
WaitForCO2Access.py completed successfully
gosub finished
doing GOSUB
testing...
no interpolation path defined
executed snippet estimated_duration=0, duration=9.20295715332e-05
Prepare for CO2 analysis
close () {'description': 'Jan Inlet'}
close name=--- desc=Jan Inlet
checking ownership. requestor=129.138.12.150
check software interlocks R
interlocks []
actuate state mode=None-script, software_lock=False
doing actuation None-script close_channel False
Close R ===>> OK
GetIndicatorState R ===>> False
change switch state (True, True)
update switch state R False args=() kw={} ncanvase=2
20:23:38 -- CLOSE  VALVE-R (Jan Inlet)
-------------------------- close None (Jan Inlet) result=[(True, True)]
action=close, ok=True, locked=[False]
open () {'description': 'Jan Ion Pump'}
open name=--- desc=Jan Ion Pump
checking ownership. requestor=129.138.12.150
check software interlocks O
interlocks []
actuate state mode=None-script, software_lock=False
doing actuation None-script open_channel False
Open O ===>> OK
GetIndicatorState O ===>> OK
change switch state (True, True)
update switch state O True args=() kw={} ncanvase=2
20:23:39 -- OPEN   VALVE-O (Jan Ion Pump)
-------------------------- open None (Jan Ion Pump) result=[(True, True)]
action=open, ok=True, locked=[False]
close () {'description': 'Microbone to Minibone'}
close name=--- desc=Microbone to Minibone
checking ownership. requestor=129.138.12.150
check software interlocks L
interlocks []
actuate state mode=None-script, software_lock=False
doing actuation None-script close_channel False
Close L ===>> OK
GetIndicatorState L ===>> False
change switch state (True, True)
update switch state L False args=() kw={} ncanvase=2
20:23:40 -- CLOSE  VALVE-L (Microbone to Minibone)
-------------------------- close None (Microbone to Minibone) result=[(True, True)]
action=close, ok=True, locked=[False]
open () {'description': 'Microbone to Turbo'}
open name=--- desc=Microbone to Turbo
checking ownership. requestor=129.138.12.150
check software interlocks U
interlocks []
actuate state mode=None-script, software_lock=False
doing actuation None-script open_channel False
Open U ===>> OK
GetIndicatorState U ===>> OK
change switch state (True, True)
update switch state U True args=() kw={} ncanvase=2
20:23:40 -- OPEN   VALVE-U (Microbone to Turbo)
-------------------------- open None (Microbone to Turbo) result=[(True, True)]
action=open, ok=True, locked=[False]
open () {'description': 'Microbone to Inlet Pipette'}
open name=--- desc=Microbone to Inlet Pipette
checking ownership. requestor=129.138.12.150
check software interlocks S
interlocks []
actuate state mode=None-script, software_lock=False
doing actuation None-script open_channel False
Open S ===>> OK
GetIndicatorState S ===>> OK
change switch state (True, True)
update switch state S True args=() kw={} ncanvase=2
20:23:41 -- OPEN   VALVE-S (Microbone to Inlet Pipette)
-------------------------- open None (Microbone to Inlet Pipette) result=[(True, True)]
action=open, ok=True, locked=[False]
open () {'description': 'Microbone to Getter D-50'}
open name=--- desc=Microbone to Getter D-50
checking ownership. requestor=129.138.12.150
check software interlocks K
interlocks []
actuate state mode=None-script, software_lock=False
doing actuation None-script open_channel False
Open K ===>> OK
GetIndicatorState K ===>> OK
change switch state (True, True)
update switch state K True args=() kw={} ncanvase=2
20:23:41 -- OPEN   VALVE-K (Microbone to Getter D-50)
-------------------------- open None (Microbone to Getter D-50) result=[(True, True)]
action=open, ok=True, locked=[False]
open () {'description': 'Microbone to Getter NP-10'}
open name=--- desc=Microbone to Getter NP-10
checking ownership. requestor=129.138.12.150
check software interlocks M
interlocks []
actuate state mode=None-script, software_lock=False
doing actuation None-script open_channel False
Open M ===>> OK
GetIndicatorState M ===>> OK
change switch state (True, True)
update switch state M True args=() kw={} ncanvase=2
20:23:42 -- OPEN   VALVE-M (Microbone to Getter NP-10)
-------------------------- open None (Microbone to Getter NP-10) result=[(True, True)]
action=open, ok=True, locked=[False]
close () {'description': 'CO2 Laser to Felix'}
close name=--- desc=CO2 Laser to Felix
checking ownership. requestor=129.138.12.150
check software interlocks F
interlocks []
actuate state mode=None-script, software_lock=True
VALVE-F(CO2 Laser to Felix) software locked
change switch state (True, False)
-------------------------- close None (CO2 Laser to Felix) result=[(True, False)]
action=close, ok=True, locked=[True]
open () {'description': 'CO2 Laser to Jan'}
open name=--- desc=CO2 Laser to Jan
checking ownership. requestor=129.138.12.150
check software interlocks A
interlocks []
actuate state mode=None-script, software_lock=False
doing actuation None-script open_channel False
Open A ===>> OK
GetIndicatorState A ===>> OK
change switch state (True, True)
update switch state A True args=() kw={} ncanvase=2
20:23:42 -- OPEN   VALVE-A (CO2 Laser to Jan)
-------------------------- open None (CO2 Laser to Jan) result=[(True, True)]
action=open, ok=True, locked=[False]
open () {'description': 'Microbone to CO2 Laser'}
open name=--- desc=Microbone to CO2 Laser
checking ownership. requestor=129.138.12.150
check software interlocks T
interlocks []
actuate state mode=None-script, software_lock=False
doing actuation None-script open_channel False
Open T ===>> OK
GetIndicatorState T ===>> OK
change switch state (True, True)
update switch state T True args=() kw={} ncanvase=2
20:23:43 -- OPEN   VALVE-T (Microbone to CO2 Laser)
-------------------------- open None (Microbone to CO2 Laser) result=[(True, True)]
action=open, ok=True, locked=[False]
executed snippet estimated_duration=0, duration=4.99105381966
PrepareForCO2Analysis.py completed successfully
gosub finished
set_motor ('beam', '') {}
setting motor "beam" to 
is blank. not heating
close () {'description': 'Microbone to Turbo'}
close name=--- desc=Microbone to Turbo
checking ownership. requestor=129.138.12.150
check software interlocks U
interlocks []
actuate state mode=None-script, software_lock=False
doing actuation None-script close_channel True
Close U ===>> OK
GetIndicatorState U ===>> False
change switch state (True, True)
update switch state U False args=() kw={} ncanvase=2
20:23:43 -- CLOSE  VALVE-U (Microbone to Turbo)
-------------------------- close None (Microbone to Turbo) result=[(True, True)]
action=close, ok=True, locked=[False]
sleep (30.0,) {}
SLEEP 30.0
block started
WaitControl setup for 30.0  
Join finished
block finished. duration 30.0660910606
sleep (30.0,) {}
SLEEP 30.0
block started
WaitControl setup for 30.0  
Join finished
block finished. duration 30.0842931271
executed snippet estimated_duration=180.0, duration=65.5768780708
jan_co2.py completed successfully
GetAchievedOutput ===>> No Response
Requested Output= 0.000
Achieved Output=  0.000
GetResponseBlob ===>> No Response
GetOutputBlob ===>> No Response
persistence save...
persistence save - db
AutomatedRunPersister post_extraction_save deprecated
persistence save - dvc
no extraction position for 1
Extraction Finished
20:24:44 -- ******* Extraction Finished *******
no overlap. not waiting for min ms pumptime
20:24:44 -- Sending spectrometer configuration
======== Sending configuration ========
SetDeflection CDD,50.0 ===>> OK
SetDeflection H2,0.0 ===>> OK
SetDeflection H1,0.0 ===>> OK
SetDeflection L2,825.0 ===>> OK
SetDeflection L1,400.0 ===>> OK
SetDeflection AX,190.0 ===>> OK
SetZFocus 74.64 ===>> OK
SetZSymmetry -50.72 ===>> OK
SetExtractionLens 26.13 ===>> OK
SetIonRepeller -3.81 ===>> OK
SetElectronEnergy 75.08 ===>> OK
SetYSymmetry -2.81 ===>> OK
SetIonCounterVoltage 1590.0 ===>> OK
send trap current 200.0
GetParameter Trap Current Readback ===>> 198.370811206739
SetParameter Trap Current Set,200.0 ===>> OK
updating mftable name mftable
Using mftable located at /Users/jan/PychronDev/setupfiles/spectrometer/mftables/mftable.csv
============ MFtable ===========
Isotope  H2     H1     AX     L1     L2     CDD    
Ar40     5.8264 5.8796 5.9935 6.1663 6.2319 6.3945
Ar39     5.7256 5.7719 5.8860 6.0524 6.1170 6.2810
Ar36     5.4032 5.4409 5.5493 5.7112 5.7720 5.9321
================================
get initial guess parabolic
get initial guess parabolic
get initial guess parabolic
get initial guess parabolic
get initial guess parabolic
get initial guess parabolic
======== Configuration Finished ========
GetYSymmetry ===>> -2.81
GetZSymmetry ===>> -50.72
GetParameter Trap Current Readback ===>> 197.923274125618
GetHighVoltage ===>> 4500
start measurement
do measurement
L#=bu-FC-J analysis type=blank_unknown
Measurement Started jan_unknown400_120.py
20:24:44 -- ******* Measurement Started jan_unknown400_120.py *******
state changed from extraction to measurement
setting spec, defl, and gains
GetExtractionLens ===>> 26.13
GetYSymmetry ===>> -2.81
GetZSymmetry ===>> -50.72
GetZFocus ===>> 74.64
GetDeflection H2 ===>> 0
GetDeflection H1 ===>> 0
GetDeflection AX ===>> 190
GetDeflection L1 ===>> 400
GetDeflection L2 ===>> 825
GetDeflection CDD ===>> 50
GetGain H2 ===>> 0.0113
GetGain H1 ===>> 0.99
GetGain AX ===>> 0.097049
GetGain L1 ===>> 0.010355
GetGain L2 ===>> 0.095649
GetGain CDD ===>> 0
pre measurement save
New frame /Users/jan/PychronDev/data/isotopes/20/49a99c-ada6-4a03-955a-009b75b4f1e9.h5
flush and close file /Users/jan/PychronDev/data/isotopes/20/49a99c-ada6-4a03-955a-009b75b4f1e9.h5
testing...
no interpolation path defined
executed snippet estimated_duration=568.532928, duration=0.000149965286255
unknown measurement script
activate_detectors ('H2', 'H1', 'AX', 'L1', 'L2', 'CDD') {}
activate detectors
*************** Set Analysis View Ar/Ar
create graphs
clearing graphs
clear isotope group
setting isotope det=H2, iso=PM41
setting isotope det=H1, iso=Ar40
setting isotope det=AX, iso=Ar39
setting isotope det=L1, iso=Ar38
setting isotope det=L2, iso=Ar37
setting isotope det=CDD, iso=Ar36
load analysis view
position_magnet ('Ar40',) {'detector': 'H1'}
detector Detector(H1)
POSITION Ar40 H1
setting detector H2 to PM41 (40.9624)
setting detector H1 to Ar40 (39.9624)
setting detector AX to Ar39 (38.9624)
setting detector L1 to Ar38 (37.9624)
setting detector L2 to Ar37 (36.9624)
setting detector CDD to Ar36 (35.9624)
Mapping mass to dac mass func: "parabolic"
H1 map mass coeffs = [-0.00063987  0.15840543  0.57125999]
H1 map mass to dac 39.9624 >> 5.87965
GetDeflection H1 ===>> 0
GetHighVoltage ===>> 4500
positioning Ar40 (5.87965) on H1
setting magnet DAC
current  : 5.879650
requested: 5.879650
Delta Dac: 0.000000
Checking detector protection. dv=0.00000
Checking detector "CDD". Protection Threshold: 0.1 (V)
SetMagnetDAC 5.87965 ===>> OK
set_dac. change=False
equilibrate () {'delay': 3, 'inlet': 'R', 'outlet': 'O', 'eqtime': 12.0}
Equilibration Started
20:24:45 -- ******* Equilibration Started *******
checking ownership. requestor=129.138.12.150
check software interlocks O
interlocks []
actuate state mode=None-script, software_lock=False
doing actuation None-script close_channel True
Close O ===>> OK
GetIndicatorState O ===>> False
change switch state (True, True)
update switch state O False args=() kw={} ncanvase=2
20:24:45 -- CLOSE  VALVE-O (Jan Ion Pump)
waiting 3s before opening inlet value ('R',)
update labels <pychron.experiment.plot_panel.PlotPanel object at 0x14bef5cb0>
update labels "<pychron.graph.stacked_regression_graph.StackedRegressionGraph object at 0x11fc19950>"
setting label 0 H2 PM41
setting label 1 H1 Ar40
setting label 2 AX Ar39
setting label 3 L1 Ar38
setting label 4 L2 Ar37
setting label 5 CDD Ar36
update labels "<pychron.graph.stacked_graph.StackedGraph object at 0x14ec87170>"
setting label 0 H2 PM41
setting label 1 H1 Ar40
setting label 2 AX Ar39
setting label 3 L1 Ar38
setting label 4 L2 Ar37
setting label 5 CDD Ar36
checking ownership. requestor=129.138.12.150
check software interlocks R
interlocks []
actuate state mode=None-script, software_lock=False
doing actuation None-script open_channel True
Open R ===>> OK
State checksums do not match. Local:992430121 Remote:-1547482960
State checksum failed
GetIndicatorState R ===>> OK
change switch state (True, True)
update switch state R True args=() kw={} ncanvase=2
20:24:49 -- OPEN   VALVE-R (Jan Inlet)
set_time_zero () {}
equilibrating for 12.0sec
sniff (12.0,) {}
py_sniff
build tables- sniff [Detector(H2), Detector(H1), Detector(AX), Detector(L1), Detector(L2), Detector(CDD)]
add group /sniff/PM41 (Group) '' table H2
add group /sniff/Ar40 (Group) '' table H1
add group /sniff/Ar39 (Group) '' table AX
add group /sniff/Ar38 (Group) '' table L1
add group /sniff/Ar37 (Group) '' table L2
add group /sniff/Ar36 (Group) '' table CDD
flush and close file /Users/jan/PychronDev/data/isotopes/20/49a99c-ada6-4a03-955a-009b75b4f1e9.h5
measuring sniff. ncounts=12.0
"sniff" increment series count="1" fit count="0" regressing="False"
starting measurement
Equilibration Finished
20:25:02 -- ******* Equilibration Finished *******
checking ownership. requestor=129.138.12.150
check software interlocks R
interlocks []
actuate state mode=None-script, software_lock=False
doing actuation None-script close_channel True
Close R ===>> OK
GetIndicatorState R ===>> False
change switch state (True, True)
update switch state R False args=() kw={} ncanvase=2
20:25:02 -- CLOSE  VALVE-R (Jan Inlet)
Post Equilibration Started jan_pump_extraction_line.py
20:25:02 -- ******* Post Equilibration Started jan_pump_extraction_line.py *******
testing...
no interpolation path defined
calculate duration
testing...
no interpolation path defined
executed snippet estimated_duration=4.0, duration=0.000146150588989
executed snippet estimated_duration=4.0, duration=0.00184106826782
Pump after analysis
doing GOSUB
testing...
no interpolation path defined
executed snippet estimated_duration=4.0, duration=0.000133991241455
Pump Microbone
close () {'description': 'Jan Inlet'}
close name=--- desc=Jan Inlet
checking ownership. requestor=129.138.12.150
check software interlocks R
interlocks []
actuate state mode=None-script, software_lock=False
doing actuation None-script close_channel False
Close R ===>> OK
GetIndicatorState R ===>> False
change switch state (True, True)
update switch state R False args=() kw={} ncanvase=2
20:25:03 -- CLOSE  VALVE-R (Jan Inlet)
-------------------------- close None (Jan Inlet) result=[(True, True)]
waiting for write to finish
measurement finished
estimated time: 12.583 actual time: :13.150
flush and close file /Users/jan/PychronDev/data/isotopes/20/49a99c-ada6-4a03-955a-009b75b4f1e9.h5
set_fits () {}
using default fits file=/Users/jan/PychronDev/scripts/measurement/fits/nominal.yaml
set "Ar40" to "('Parabolic', 'SEM')"
No fit for "PM41". defaulting to linear. check the measurement script "jan_unknown400_120.py"
set "PM41" to "linear"
set "Ar36" to "('Parabolic', 'SEM')"
set "Ar37" to "('linear', 'SEM')"
set "Ar38" to "('linear', 'SEM')"
set "Ar39" to "('Parabolic', 'SEM')"
set_baseline_fits () {}
using default fits file=/Users/jan/PychronDev/scripts/measurement/fits/nominal.yaml
set "H1" to "('average', 'SEM')"
set "H2" to "('average', 'SEM')"
set "CDD" to "('average', 'SEM')"
set "L2" to "('average', 'SEM')"
set "L1" to "('average', 'SEM')"
set "AX" to "('average', 'SEM')"
multicollect () {'integration_time': 1, 'ncounts': 400}
build tables- signal [Detector(H2), Detector(H1), Detector(AX), Detector(L1), Detector(L2), Detector(CDD)]
add group /signal/PM41 (Group) '' table H2
add group /signal/Ar40 (Group) '' table H1
add group /signal/Ar39 (Group) '' table AX
add group /signal/Ar38 (Group) '' table L1
add group /signal/Ar37 (Group) '' table L2
add group /signal/Ar36 (Group) '' table CDD
flush and close file /Users/jan/PychronDev/data/isotopes/20/49a99c-ada6-4a03-955a-009b75b4f1e9.h5
measuring signal. ncounts=400
action=close, ok=True, locked=[False]
is_closed ('F',) {}
is F () closed?
is closed True
open () {'description': 'CO2 Laser to Jan'}
open name=--- desc=CO2 Laser to Jan
checking ownership. requestor=129.138.12.150
check software interlocks A
interlocks []
actuate state mode=None-script, software_lock=False
doing actuation None-script open_channel False
Open A ===>> OK
GetIndicatorState A ===>> OK
change switch state (True, True)
update switch state A True args=() kw={} ncanvase=2
20:25:03 -- OPEN   VALVE-A (CO2 Laser to Jan)
-------------------------- open None (CO2 Laser to Jan) result=[(True, True)]
action=open, ok=True, locked=[False]
sleep (1,) {}
SLEEP 1.0
starting measurement
"signal" increment series count="2" fit count="1" regressing="True"
close () {'description': 'CO2 Laser to Roughing'}
close name=--- desc=CO2 Laser to Roughing
checking ownership. requestor=129.138.12.150
check software interlocks G
interlocks []
actuate state mode=None-script, software_lock=True
VALVE-G(CO2 Laser to Roughing) software locked
change switch state (True, False)
-------------------------- close None (CO2 Laser to Roughing) result=[(True, False)]
action=close, ok=True, locked=[True]
open () {'description': 'Microbone to Turbo'}
open name=--- desc=Microbone to Turbo
checking ownership. requestor=129.138.12.150
check software interlocks U
interlocks []
actuate state mode=None-script, software_lock=False
doing actuation None-script open_channel True
Open U ===>> OK
GetIndicatorState U ===>> OK
change switch state (True, True)
update switch state U True args=() kw={} ncanvase=2
20:25:04 -- OPEN   VALVE-U (Microbone to Turbo)
-------------------------- open None (Microbone to Turbo) result=[(True, True)]
action=open, ok=True, locked=[False]
open () {'description': 'Microbone to Getter NP-10'}
open name=--- desc=Microbone to Getter NP-10
checking ownership. requestor=129.138.12.150
check software interlocks M
interlocks []
actuate state mode=None-script, software_lock=False
doing actuation None-script open_channel False
Open M ===>> OK
GetIndicatorState M ===>> OK
change switch state (True, True)
update switch state M True args=() kw={} ncanvase=2
20:25:05 -- OPEN   VALVE-M (Microbone to Getter NP-10)
-------------------------- open None (Microbone to Getter NP-10) result=[(True, True)]
action=open, ok=True, locked=[False]
open () {'description': 'Microbone to Getter D-50'}
open name=--- desc=Microbone to Getter D-50
checking ownership. requestor=129.138.12.150
check software interlocks K
interlocks []
actuate state mode=None-script, software_lock=False
doing actuation None-script open_channel False
Open K ===>> OK
GetIndicatorState K ===>> OK
change switch state (True, True)
update switch state K True args=() kw={} ncanvase=2
20:25:05 -- OPEN   VALVE-K (Microbone to Getter D-50)
-------------------------- open None (Microbone to Getter D-50) result=[(True, True)]
action=open, ok=True, locked=[False]
open () {'description': 'Microbone to CO2 Laser'}
open name=--- desc=Microbone to CO2 Laser
checking ownership. requestor=129.138.12.150
check software interlocks T
interlocks []
actuate state mode=None-script, software_lock=False
doing actuation None-script open_channel False
Open T ===>> OK
GetIndicatorState T ===>> OK
change switch state (True, True)
update switch state T True args=() kw={} ncanvase=2
20:25:06 -- OPEN   VALVE-T (Microbone to CO2 Laser)
-------------------------- open None (Microbone to CO2 Laser) result=[(True, True)]
action=open, ok=True, locked=[False]
open () {'description': 'Microbone to Inlet Pipette'}
open name=--- desc=Microbone to Inlet Pipette
checking ownership. requestor=129.138.12.150
check software interlocks S
interlocks []
actuate state mode=None-script, software_lock=False
doing actuation None-script open_channel False
Open S ===>> OK
GetIndicatorState S ===>> OK
change switch state (True, True)
update switch state S True args=() kw={} ncanvase=2
20:25:07 -- OPEN   VALVE-S (Microbone to Inlet Pipette)
-------------------------- open None (Microbone to Inlet Pipette) result=[(True, True)]
action=open, ok=True, locked=[False]
sleep (1,) {}
SLEEP 1.0
testing H1<-5.0
evaluate ot="H1.bs<-5.0" t="H1<-5.0", ctx="{'H1': -0.12880405028440536}"
set_resource () {'name': 'CO2PumpTimeFlag', 'value': 30}
Set CO2PumpTimeFlag 30 ===>> OK
release ('JanCO2Flag',) {}
release JanCO2Flag
Set JanCO2Flag 0 ===>> OK
executed snippet estimated_duration=6.0, duration=5.92440104485
PumpMicrobone.py completed successfully
gosub finished
get_resource_value () {'name': 'JanMiniboneFlag'}
Read JanMiniboneFlag ===>> 0
Get Resource Value JanMiniboneFlag=0.0
get resource value 0.0
get_resource_value () {'name': 'JanMiniboneFlag'}
Read JanMiniboneFlag ===>> 0
Get Resource Value JanMiniboneFlag=0.0
executed snippet estimated_duration=4.0, duration=5.93556284904
jan_pump_extraction_line.py completed successfully
Post Equilibration Finished
20:25:08 -- ******* Post Equilibration Finished *******
testing H1<-5.0
evaluate ot="H1.bs<-5.0" t="H1<-5.0", ctx="{'H1': -0.12880405028440536}"
testing H1<-5.0
evaluate ot="H1.bs<-5.0" t="H1<-5.0", ctx="{'H1': -0.12880405028440536}"
testing H1<-5.0
evaluate ot="H1.bs<-5.0" t="H1<-5.0", ctx="{'H1': -0.12880405028440536}"
testing H1<-5.0
evaluate ot="H1.bs<-5.0" t="H1<-5.0", ctx="{'H1': -0.12880405028440536}"
20:25:29 -- collecting point 25
testing H1<-5.0
evaluate ot="H1.bs<-5.0" t="H1<-5.0", ctx="{'H1': -0.12880405028440536}"
testing H1<-5.0
evaluate ot="H1.bs<-5.0" t="H1<-5.0", ctx="{'H1': -0.12880405028440536}"
testing H1<-5.0
evaluate ot="H1.bs<-5.0" t="H1<-5.0", ctx="{'H1': -0.12880405028440536}"
testing H1<-5.0
evaluate ot="H1.bs<-5.0" t="H1<-5.0", ctx="{'H1': -0.12880405028440536}"
testing H1<-5.0
evaluate ot="H1.bs<-5.0" t="H1<-5.0", ctx="{'H1': -0.12880405028440536}"
20:25:55 -- collecting point 50
testing H1<-5.0
evaluate ot="H1.bs<-5.0" t="H1<-5.0", ctx="{'H1': -0.12880405028440536}"
testing H1<-5.0
evaluate ot="H1.bs<-5.0" t="H1<-5.0", ctx="{'H1': -0.12880405028440536}"
testing H1<-5.0
evaluate ot="H1.bs<-5.0" t="H1<-5.0", ctx="{'H1': -0.12880405028440536}"
testing H1<-5.0
evaluate ot="H1.bs<-5.0" t="H1<-5.0", ctx="{'H1': -0.12880405028440536}"
testing H1<-5.0
evaluate ot="H1.bs<-5.0" t="H1<-5.0", ctx="{'H1': -0.12880405028440536}"
20:26:21 -- collecting point 75
testing H1<-5.0
evaluate ot="H1.bs<-5.0" t="H1<-5.0", ctx="{'H1': -0.12880405028440536}"
testing H1<-5.0
evaluate ot="H1.bs<-5.0" t="H1<-5.0", ctx="{'H1': -0.12880405028440536}"
testing H1<-5.0
evaluate ot="H1.bs<-5.0" t="H1<-5.0", ctx="{'H1': -0.12880405028440536}"
testing H1<-5.0
evaluate ot="H1.bs<-5.0" t="H1<-5.0", ctx="{'H1': -0.12880405028440536}"
testing H1<-5.0
evaluate ot="H1.bs<-5.0" t="H1<-5.0", ctx="{'H1': -0.12880405028440536}"
20:26:47 -- collecting point 100
testing H1<-5.0
evaluate ot="H1.bs<-5.0" t="H1<-5.0", ctx="{'H1': -0.12880405028440536}"
testing H1<-5.0
evaluate ot="H1.bs<-5.0" t="H1<-5.0", ctx="{'H1': -0.12880405028440536}"
testing H1<-5.0
evaluate ot="H1.bs<-5.0" t="H1<-5.0", ctx="{'H1': -0.12880405028440536}"
testing H1<-5.0
evaluate ot="H1.bs<-5.0" t="H1<-5.0", ctx="{'H1': -0.12880405028440536}"
testing H1<-5.0
evaluate ot="H1.bs<-5.0" t="H1<-5.0", ctx="{'H1': -0.12880405028440536}"
20:27:14 -- collecting point 125
testing H1<-5.0
evaluate ot="H1.bs<-5.0" t="H1<-5.0", ctx="{'H1': -0.12880405028440536}"
testing H1<-5.0
evaluate ot="H1.bs<-5.0" t="H1<-5.0", ctx="{'H1': -0.12880405028440536}"
testing H1<-5.0
evaluate ot="H1.bs<-5.0" t="H1<-5.0", ctx="{'H1': -0.12880405028440536}"
testing H1<-5.0
evaluate ot="H1.bs<-5.0" t="H1<-5.0", ctx="{'H1': -0.12880405028440536}"
testing H1<-5.0
evaluate ot="H1.bs<-5.0" t="H1<-5.0", ctx="{'H1': -0.12880405028440536}"
20:27:40 -- collecting point 150
testing H1<-5.0
evaluate ot="H1.bs<-5.0" t="H1<-5.0", ctx="{'H1': -0.12880405028440536}"
testing H1<-5.0
evaluate ot="H1.bs<-5.0" t="H1<-5.0", ctx="{'H1': -0.12880405028440536}"
testing H1<-5.0
evaluate ot="H1.bs<-5.0" t="H1<-5.0", ctx="{'H1': -0.12880405028440536}"
testing H1<-5.0
evaluate ot="H1.bs<-5.0" t="H1<-5.0", ctx="{'H1': -0.12880405028440536}"
testing H1<-5.0
evaluate ot="H1.bs<-5.0" t="H1<-5.0", ctx="{'H1': -0.12880405028440536}"
20:28:06 -- collecting point 175
testing H1<-5.0
evaluate ot="H1.bs<-5.0" t="H1<-5.0", ctx="{'H1': -0.12880405028440536}"
testing H1<-5.0
evaluate ot="H1.bs<-5.0" t="H1<-5.0", ctx="{'H1': -0.12880405028440536}"
testing H1<-5.0
evaluate ot="H1.bs<-5.0" t="H1<-5.0", ctx="{'H1': -0.12880405028440536}"
testing H1<-5.0
evaluate ot="H1.bs<-5.0" t="H1<-5.0", ctx="{'H1': -0.12880405028440536}"
testing H1<-5.0
evaluate ot="H1.bs<-5.0" t="H1<-5.0", ctx="{'H1': -0.12880405028440536}"
20:28:32 -- collecting point 200
testing H1<-5.0
evaluate ot="H1.bs<-5.0" t="H1<-5.0", ctx="{'H1': -0.12880405028440536}"
testing H1<-5.0
evaluate ot="H1.bs<-5.0" t="H1<-5.0", ctx="{'H1': -0.12880405028440536}"
testing H1<-5.0
evaluate ot="H1.bs<-5.0" t="H1<-5.0", ctx="{'H1': -0.12880405028440536}"
testing H1<-5.0
evaluate ot="H1.bs<-5.0" t="H1<-5.0", ctx="{'H1': -0.12880405028440536}"
testing H1<-5.0
evaluate ot="H1.bs<-5.0" t="H1<-5.0", ctx="{'H1': -0.12880405028440536}"
20:28:59 -- collecting point 225
testing H1<-5.0
evaluate ot="H1.bs<-5.0" t="H1<-5.0", ctx="{'H1': -0.12880405028440536}"
testing H1<-5.0
evaluate ot="H1.bs<-5.0" t="H1<-5.0", ctx="{'H1': -0.12880405028440536}"
testing H1<-5.0
evaluate ot="H1.bs<-5.0" t="H1<-5.0", ctx="{'H1': -0.12880405028440536}"
testing H1<-5.0
evaluate ot="H1.bs<-5.0" t="H1<-5.0", ctx="{'H1': -0.12880405028440536}"
testing H1<-5.0
evaluate ot="H1.bs<-5.0" t="H1<-5.0", ctx="{'H1': -0.12880405028440536}"
20:29:25 -- collecting point 250
testing H1<-5.0
evaluate ot="H1.bs<-5.0" t="H1<-5.0", ctx="{'H1': -0.12880405028440536}"
testing H1<-5.0
evaluate ot="H1.bs<-5.0" t="H1<-5.0", ctx="{'H1': -0.12880405028440536}"
testing H1<-5.0
evaluate ot="H1.bs<-5.0" t="H1<-5.0", ctx="{'H1': -0.12880405028440536}"
testing H1<-5.0
evaluate ot="H1.bs<-5.0" t="H1<-5.0", ctx="{'H1': -0.12880405028440536}"
testing H1<-5.0
evaluate ot="H1.bs<-5.0" t="H1<-5.0", ctx="{'H1': -0.12880405028440536}"
20:29:51 -- collecting point 275
testing H1<-5.0
evaluate ot="H1.bs<-5.0" t="H1<-5.0", ctx="{'H1': -0.12880405028440536}"
testing H1<-5.0
evaluate ot="H1.bs<-5.0" t="H1<-5.0", ctx="{'H1': -0.12880405028440536}"
testing H1<-5.0
evaluate ot="H1.bs<-5.0" t="H1<-5.0", ctx="{'H1': -0.12880405028440536}"
testing H1<-5.0
evaluate ot="H1.bs<-5.0" t="H1<-5.0", ctx="{'H1': -0.12880405028440536}"
testing H1<-5.0
evaluate ot="H1.bs<-5.0" t="H1<-5.0", ctx="{'H1': -0.12880405028440536}"
20:30:17 -- collecting point 300
testing H1<-5.0
evaluate ot="H1.bs<-5.0" t="H1<-5.0", ctx="{'H1': -0.12880405028440536}"
testing H1<-5.0
evaluate ot="H1.bs<-5.0" t="H1<-5.0", ctx="{'H1': -0.12880405028440536}"
testing H1<-5.0
evaluate ot="H1.bs<-5.0" t="H1<-5.0", ctx="{'H1': -0.12880405028440536}"
testing H1<-5.0
evaluate ot="H1.bs<-5.0" t="H1<-5.0", ctx="{'H1': -0.12880405028440536}"
testing H1<-5.0
evaluate ot="H1.bs<-5.0" t="H1<-5.0", ctx="{'H1': -0.12880405028440536}"
20:30:44 -- collecting point 325
testing H1<-5.0
evaluate ot="H1.bs<-5.0" t="H1<-5.0", ctx="{'H1': -0.12880405028440536}"
testing H1<-5.0
evaluate ot="H1.bs<-5.0" t="H1<-5.0", ctx="{'H1': -0.12880405028440536}"
testing H1<-5.0
evaluate ot="H1.bs<-5.0" t="H1<-5.0", ctx="{'H1': -0.12880405028440536}"
testing H1<-5.0
evaluate ot="H1.bs<-5.0" t="H1<-5.0", ctx="{'H1': -0.12880405028440536}"
testing H1<-5.0
evaluate ot="H1.bs<-5.0" t="H1<-5.0", ctx="{'H1': -0.12880405028440536}"
20:31:10 -- collecting point 350
testing H1<-5.0
evaluate ot="H1.bs<-5.0" t="H1<-5.0", ctx="{'H1': -0.12880405028440536}"
testing H1<-5.0
evaluate ot="H1.bs<-5.0" t="H1<-5.0", ctx="{'H1': -0.12880405028440536}"
testing H1<-5.0
evaluate ot="H1.bs<-5.0" t="H1<-5.0", ctx="{'H1': -0.12880405028440536}"
testing H1<-5.0
evaluate ot="H1.bs<-5.0" t="H1<-5.0", ctx="{'H1': -0.12880405028440536}"
testing H1<-5.0
evaluate ot="H1.bs<-5.0" t="H1<-5.0", ctx="{'H1': -0.12880405028440536}"
20:31:36 -- collecting point 375
testing H1<-5.0
evaluate ot="H1.bs<-5.0" t="H1<-5.0", ctx="{'H1': -0.12880405028440536}"
testing H1<-5.0
evaluate ot="H1.bs<-5.0" t="H1<-5.0", ctx="{'H1': -0.12880405028440536}"
testing H1<-5.0
evaluate ot="H1.bs<-5.0" t="H1<-5.0", ctx="{'H1': -0.12880405028440536}"
testing H1<-5.0
evaluate ot="H1.bs<-5.0" t="H1<-5.0", ctx="{'H1': -0.12880405028440536}"
testing H1<-5.0
evaluate ot="H1.bs<-5.0" t="H1<-5.0", ctx="{'H1': -0.12880405028440536}"
20:32:02 -- collecting point 400
waiting for write to finish
measurement finished
estimated time: 419.430 actual time: :420.078
flush and close file /Users/jan/PychronDev/data/isotopes/20/49a99c-ada6-4a03-955a-009b75b4f1e9.h5
baselines () {'settling_time': 15.0, 'detector': 'H1', 'mass': 34.2, 'ncounts': 120}
%%%%%%%%%%%%%%%%%%%%%%%%%%%%%%%% Baseline
build tables- baseline [Detector(H2), Detector(H1), Detector(AX), Detector(L1), Detector(L2), Detector(CDD)]
add group baseline table H2
add group baseline table H1
add group baseline table AX
add group baseline table L1
add group baseline table L2
add group baseline table CDD
flush and close file /Users/jan/PychronDev/data/isotopes/20/49a99c-ada6-4a03-955a-009b75b4f1e9.h5
detector Detector(H1)
POSITION 34.2 H1
Mapping mass to dac mass func: "parabolic"
H1 map mass coeffs = [-0.00063987  0.15840543  0.57125999]
H1 map mass to dac 34.2 >> 5.24030599104
GetDeflection H1 ===>> 0
GetHighVoltage ===>> 4500
positioning 34.2 (5.24030599104) on H1
setting magnet DAC
current  : 5.879650
requested: 5.240306
Delta Dac: 0.639344
Checking detector protection. dv=0.63934
Checking detector "CDD". Protection Threshold: 0.1 (V)
ProtectDetector CDD,On ===>> OK
GetDeflection CDD ===>> 2000
Protected = 2000
SetMagnetDAC 5.24030599104 ===>> OK
Magnet settling time: 0.500
Magnet settling started
Magnet settling complete
Wait for magnet to stop moving
GetMagnetMoving ===>> True
GetMagnetMoving ===>> True
GetMagnetMoving ===>> True
GetMagnetMoving ===>> True
GetMagnetMoving ===>> True
GetMagnetMoving ===>> True
GetMagnetMoving ===>> True
GetMagnetMoving ===>> True
GetMagnetMoving ===>> True
GetMagnetMoving ===>> True
GetMagnetMoving ===>> True
GetMagnetMoving ===>> True
GetMagnetMoving ===>> False
Magnet move complete
Unprotect detectors
ProtectDetector CDD,Off ===>> OK
GetDeflection CDD ===>> 50
set_dac. change=True
Delaying 15.0s for detectors to settle
Join finished
measuring baseline. ncounts=120
"baseline" increment series count="2" fit count="1" regressing="True"
starting measurement
testing H1<-5.0
evaluate ot="H1.bs<-5.0" t="H1<-5.0", ctx="{'H1': -0.21868414557307508}"
testing H1<-5.0
evaluate ot="H1.bs<-5.0" t="H1<-5.0", ctx="{'H1': -0.13044719982784242}"
testing H1<-5.0
evaluate ot="H1.bs<-5.0" t="H1<-5.0", ctx="{'H1': -0.10948213569056275}"
testing H1<-5.0
evaluate ot="H1.bs<-5.0" t="H1<-5.0", ctx="{'H1': -0.11406461608002318}"
testing H1<-5.0
evaluate ot="H1.bs<-5.0" t="H1<-5.0", ctx="{'H1': -0.14136872312348905}"
20:32:48 -- collecting point 25
testing H1<-5.0
evaluate ot="H1.bs<-5.0" t="H1<-5.0", ctx="{'H1': -0.14502844354706146}"
testing H1<-5.0
evaluate ot="H1.bs<-5.0" t="H1<-5.0", ctx="{'H1': -0.1497517308969929}"
testing H1<-5.0
evaluate ot="H1.bs<-5.0" t="H1<-5.0", ctx="{'H1': -0.1488410419649966}"
testing H1<-5.0
evaluate ot="H1.bs<-5.0" t="H1<-5.0", ctx="{'H1': -0.14669389788597018}"
testing H1<-5.0
evaluate ot="H1.bs<-5.0" t="H1<-5.0", ctx="{'H1': -0.1385651534803664}"
20:33:14 -- collecting point 50
testing H1<-5.0
evaluate ot="H1.bs<-5.0" t="H1<-5.0", ctx="{'H1': -0.13469731468977544}"
testing H1<-5.0
evaluate ot="H1.bs<-5.0" t="H1<-5.0", ctx="{'H1': -0.13482368040329004}"
testing H1<-5.0
evaluate ot="H1.bs<-5.0" t="H1<-5.0", ctx="{'H1': -0.13251111103239654}"
testing H1<-5.0
evaluate ot="H1.bs<-5.0" t="H1<-5.0", ctx="{'H1': -0.1323475187813076}"
testing H1<-5.0
evaluate ot="H1.bs<-5.0" t="H1<-5.0", ctx="{'H1': -0.1399610674893331}"
20:33:40 -- collecting point 75
testing H1<-5.0
evaluate ot="H1.bs<-5.0" t="H1<-5.0", ctx="{'H1': -0.14183132954536745}"
testing H1<-5.0
evaluate ot="H1.bs<-5.0" t="H1<-5.0", ctx="{'H1': -0.13875724953904567}"
testing H1<-5.0
evaluate ot="H1.bs<-5.0" t="H1<-5.0", ctx="{'H1': -0.1412670819032841}"
testing H1<-5.0
evaluate ot="H1.bs<-5.0" t="H1<-5.0", ctx="{'H1': -0.13748040352936963}"
testing H1<-5.0
evaluate ot="H1.bs<-5.0" t="H1<-5.0", ctx="{'H1': -0.13818057424083058}"
20:34:07 -- collecting point 100
testing H1<-5.0
evaluate ot="H1.bs<-5.0" t="H1<-5.0", ctx="{'H1': -0.1410531244841346}"
testing H1<-5.0
evaluate ot="H1.bs<-5.0" t="H1<-5.0", ctx="{'H1': -0.1459141719935411}"
testing H1<-5.0
evaluate ot="H1.bs<-5.0" t="H1<-5.0", ctx="{'H1': -0.1471720818478173}"
testing H1<-5.0
evaluate ot="H1.bs<-5.0" t="H1<-5.0", ctx="{'H1': -0.14266259452285768}"
waiting for write to finish
measurement finished
estimated time: 125.829 actual time: :126.071
flush and close file /Users/jan/PychronDev/data/isotopes/20/49a99c-ada6-4a03-955a-009b75b4f1e9.h5
activate_detectors ('H1', 'AX', 'L2', 'CDD') {'peak_center': True}
peak_center () {'detector': 'H1', 'integration_time': 0.262144, 'isotope': 'Ar40'}
peak center: mean=5.04067284057 threshold=3
peak center started
setup peak center. detector=['H1', 'AX', 'L2', 'CDD'], isotope=Ar40
VersionedUnpickler [<apptools.sweet_pickle.versioned_unpickler.VersionedUnpickler object at 0x1423c7e90>] using Updater [<apptools.sweet_pickle.updater.Updater object at 0x138172d10>]
VersionedUnpickler [<apptools.sweet_pickle.versioned_unpickler.VersionedUnpickler object at 0x1423c7e90>] using Updater [<apptools.sweet_pickle.updater.Updater object at 0x138172d10>]
VersionedUnpickler [<apptools.sweet_pickle.versioned_unpickler.VersionedUnpickler object at 0x135b68710>] using Updater [<apptools.sweet_pickle.updater.Updater object at 0x138172d10>]
Mapping mass to dac mass func: "parabolic"
H1 map mass coeffs = [-0.00063987  0.15840543  0.57125999]
H1 map mass to dac 39.9624 >> 5.87965
GetDeflection H1 ===>> 0
GetHighVoltage ===>> 4500
do peak center. <pychron.spectrometer.jobs.peak_center.PeakCenter object at 0x12e290fb0>
doing pc
starting peak center. center dac= 5.87965 step_width=0.0015
width = 0.0015
get scan parameters. half-width=0.015,window=0.015, i=0, scalar=1
Scan parameters center=5.87965 width=0.03000 (5.86465 - 5.89465)
Moving to starting dac 5.86465
setting magnet DAC
current  : 5.240306
requested: 5.864650
Delta Dac: 0.624344
Checking detector protection. dv=0.62434
Checking detector "CDD". Protection Threshold: 0.1 (V)
ProtectDetector CDD,On ===>> OK
GetDeflection CDD ===>> 2000
Protected = 2000
SetMagnetDAC 5.86465 ===>> OK
Magnet settling time: 0.500
Magnet settling started
Magnet settling complete
Wait for magnet to stop moving
GetMagnetMoving ===>> True
GetMagnetMoving ===>> True
GetMagnetMoving ===>> True
GetMagnetMoving ===>> True
GetMagnetMoving ===>> True
GetMagnetMoving ===>> True
GetMagnetMoving ===>> True
GetMagnetMoving ===>> True
GetMagnetMoving ===>> True
GetMagnetMoving ===>> False
Magnet move complete
Unprotect detectors
ProtectDetector CDD,Off ===>> OK
GetDeflection CDD ===>> 50
set_dac. change=True
Wait until signal near baseline. tol= -0.183653923264. timeout= 10
Peak center baseline intensity achieved
_do_sweep sm= 5.86465, em= 5.89465, stm= 0.0015
calculated step values: start=5.86465, end=5.89465, width=0.0015, nsteps=21.0
setting magnet DAC
current  : 5.864650
requested: 5.864650
Delta Dac: 0.000000
Checking detector protection. dv=0.00000
Checking detector "CDD". Protection Threshold: 0.1 (V)
SetMagnetDAC 5.86465 ===>> OK
set_dac. change=False
setting magnet DAC
current  : 5.864650
requested: 5.866229
Delta Dac: 0.001579
Checking detector protection. dv=0.00158
Checking detector "CDD". Protection Threshold: 0.1 (V)
SetMagnetDAC 5.86622894737 ===>> OK
Magnet settling time: 2.097
Magnet settling started
Magnet settling complete
set_dac. change=True
setting magnet DAC
current  : 5.866229
requested: 5.867808
Delta Dac: 0.001579
Checking detector protection. dv=0.00158
Checking detector "CDD". Protection Threshold: 0.1 (V)
SetMagnetDAC 5.86780789474 ===>> OK
Magnet settling time: 2.097
Magnet settling started
Magnet settling complete
set_dac. change=True
setting magnet DAC
current  : 5.867808
requested: 5.869387
Delta Dac: 0.001579
Checking detector protection. dv=0.00158
Checking detector "CDD". Protection Threshold: 0.1 (V)
SetMagnetDAC 5.86938684211 ===>> OK
Magnet settling time: 2.097
Magnet settling started
Magnet settling complete
set_dac. change=True
setting magnet DAC
current  : 5.869387
requested: 5.870966
Delta Dac: 0.001579
Checking detector protection. dv=0.00158
Checking detector "CDD". Protection Threshold: 0.1 (V)
SetMagnetDAC 5.87096578947 ===>> OK
Magnet settling time: 2.097
Magnet settling started
Magnet settling complete
set_dac. change=True
setting magnet DAC
current  : 5.870966
requested: 5.872545
Delta Dac: 0.001579
Checking detector protection. dv=0.00158
Checking detector "CDD". Protection Threshold: 0.1 (V)
SetMagnetDAC 5.87254473684 ===>> OK
Magnet settling time: 2.097
Magnet settling started
Magnet settling complete
set_dac. change=True
setting magnet DAC
current  : 5.872545
requested: 5.874124
Delta Dac: 0.001579
Checking detector protection. dv=0.00158
Checking detector "CDD". Protection Threshold: 0.1 (V)
SetMagnetDAC 5.87412368421 ===>> OK
Magnet settling time: 2.097
Magnet settling started
Magnet settling complete
set_dac. change=True
setting magnet DAC
current  : 5.874124
requested: 5.875703
Delta Dac: 0.001579
Checking detector protection. dv=0.00158
Checking detector "CDD". Protection Threshold: 0.1 (V)
SetMagnetDAC 5.87570263158 ===>> OK
Magnet settling time: 2.097
Magnet settling started
Magnet settling complete
set_dac. change=True
setting magnet DAC
current  : 5.875703
requested: 5.877282
Delta Dac: 0.001579
Checking detector protection. dv=0.00158
Checking detector "CDD". Protection Threshold: 0.1 (V)
SetMagnetDAC 5.87728157895 ===>> OK
Magnet settling time: 2.097
Magnet settling started
Magnet settling complete
set_dac. change=True
setting magnet DAC
current  : 5.877282
requested: 5.878861
Delta Dac: 0.001579
Checking detector protection. dv=0.00158
Checking detector "CDD". Protection Threshold: 0.1 (V)
SetMagnetDAC 5.87886052632 ===>> OK
Magnet settling time: 2.097
Magnet settling started
Magnet settling complete
set_dac. change=True
setting magnet DAC
current  : 5.878861
requested: 5.880439
Delta Dac: 0.001579
Checking detector protection. dv=0.00158
Checking detector "CDD". Protection Threshold: 0.1 (V)
SetMagnetDAC 5.88043947368 ===>> OK
Magnet settling time: 2.097
Magnet settling started
Magnet settling complete
set_dac. change=True
setting magnet DAC
current  : 5.880439
requested: 5.882018
Delta Dac: 0.001579
Checking detector protection. dv=0.00158
Checking detector "CDD". Protection Threshold: 0.1 (V)
SetMagnetDAC 5.88201842105 ===>> OK
Magnet settling time: 2.097
Magnet settling started
Magnet settling complete
set_dac. change=True
setting magnet DAC
current  : 5.882018
requested: 5.883597
Delta Dac: 0.001579
Checking detector protection. dv=0.00158
Checking detector "CDD". Protection Threshold: 0.1 (V)
SetMagnetDAC 5.88359736842 ===>> OK
Magnet settling time: 2.097
Magnet settling started
Magnet settling complete
set_dac. change=True
setting magnet DAC
current  : 5.883597
requested: 5.885176
Delta Dac: 0.001579
Checking detector protection. dv=0.00158
Checking detector "CDD". Protection Threshold: 0.1 (V)
SetMagnetDAC 5.88517631579 ===>> OK
Magnet settling time: 2.097
Magnet settling started
Magnet settling complete
set_dac. change=True
setting magnet DAC
current  : 5.885176
requested: 5.886755
Delta Dac: 0.001579
Checking detector protection. dv=0.00158
Checking detector "CDD". Protection Threshold: 0.1 (V)
SetMagnetDAC 5.88675526316 ===>> OK
Magnet settling time: 2.097
Magnet settling started
Magnet settling complete
set_dac. change=True
setting magnet DAC
current  : 5.886755
requested: 5.888334
Delta Dac: 0.001579
Checking detector protection. dv=0.00158
Checking detector "CDD". Protection Threshold: 0.1 (V)
SetMagnetDAC 5.88833421053 ===>> OK
Magnet settling time: 2.097
Magnet settling started
Magnet settling complete
set_dac. change=True
setting magnet DAC
current  : 5.888334
requested: 5.889913
Delta Dac: 0.001579
Checking detector protection. dv=0.00158
Checking detector "CDD". Protection Threshold: 0.1 (V)
SetMagnetDAC 5.88991315789 ===>> OK
Magnet settling time: 2.097
Magnet settling started
Magnet settling complete
set_dac. change=True
setting magnet DAC
current  : 5.889913
requested: 5.891492
Delta Dac: 0.001579
Checking detector protection. dv=0.00158
Checking detector "CDD". Protection Threshold: 0.1 (V)
SetMagnetDAC 5.89149210526 ===>> OK
Magnet settling time: 2.097
Magnet settling started
Magnet settling complete
set_dac. change=True
setting magnet DAC
current  : 5.891492
requested: 5.893071
Delta Dac: 0.001579
Checking detector protection. dv=0.00158
Checking detector "CDD". Protection Threshold: 0.1 (V)
SetMagnetDAC 5.89307105263 ===>> OK
Magnet settling time: 2.097
Magnet settling started
Magnet settling complete
set_dac. change=True
setting magnet DAC
current  : 5.893071
requested: 5.894650
Delta Dac: 0.001579
Checking detector protection. dv=0.00158
Checking detector "CDD". Protection Threshold: 0.1 (V)
SetMagnetDAC 5.89465 ===>> OK
Magnet settling time: 2.097
Magnet settling started
Magnet settling complete
set_dac. change=True
result of _do_sweep=True
result of _calculate_peak_center=([5.871954609218438, 5.8795898797595196, 5.8872251503006012], [4.8645663997141639, 6.6862951199217058, 4.921511257456606], 5.8835878757515037, 6.6862951199217058)
Failed to find a valid peak. No peak greater than 1.0. max = 0.267491057662
Failed to find a valid peak. No peak greater than 1.0. max = 0.0982891639396
Failed to find a valid peak. No peak greater than 1.0. max = 0.0132347129751
new center pos Detector(H1) (Ar40) @ 5.87958987976
GetHighVoltage ===>> 4500
GetDeflection H1 ===>> 0
dac uncorrected for HV and deflection 5.87958987976
update mftable H1 Ar40 5.87958987976 message=automated run peakcenter
get initial guess parabolic
get initial guess parabolic
get initial guess parabolic
get initial guess parabolic
get initial guess parabolic
get initial guess parabolic
dump mftable to /Users/jan/PychronDev/setupfiles/spectrometer/mftables/mftable.csv
add to repo msg=modified - automated run peakcenter
sweep finished
locally archiving mftable
setting magnet DAC
current  : 5.894650
requested: 5.879590
Delta Dac: 0.015060
Checking detector protection. dv=0.01506
Checking detector "CDD". Protection Threshold: 0.1 (V)
SetMagnetDAC 5.87958987976 ===>> OK
Magnet settling time: 0.500
Magnet settling started
Magnet settling complete
set_dac. change=True
Failed to find a valid peak. No peak greater than 1.0. max = 0.267491057662
Failed to find a valid peak. No peak greater than 1.0. max = 0.0982891639396
Failed to find a valid peak. No peak greater than 1.0. max = 0.0132347129751
flush and close file /Users/jan/PychronDev/data/isotopes/20/49a99c-ada6-4a03-955a-009b75b4f1e9.h5
finished measure script
executed snippet estimated_duration=568.532928, duration=630.559494972
jan_unknown400_120.py completed successfully
Measurement Finished
20:35:14 -- ******* Measurement Finished *******
Post Measurement Started jan_pump_ms.py
20:35:14 -- ******* Post Measurement Started jan_pump_ms.py *******
testing...
no interpolation path defined
executed snippet estimated_duration=0, duration=6.91413879395e-05
Pumping spectrometer
open () {'name': 'O'}
open name=O desc=---
checking ownership. requestor=129.138.12.150
check software interlocks O
interlocks []
actuate state mode=None-script, software_lock=False
doing actuation None-script open_channel True
Open O ===>> OK
GetIndicatorState O ===>> OK
change switch state (True, True)
update switch state O True args=() kw={} ncanvase=2
20:35:15 -- OPEN   VALVE-O (Jan Ion Pump)
-------------------------- open O () result=[(True, True)]
action=open, ok=True, locked=[False]
executed snippet estimated_duration=0, duration=0.35581111908
jan_pump_ms.py completed successfully
setting _ms_pumptime
Post Measurement Finished
20:35:15 -- ******* Post Measurement Finished *******
$$$$$$$$$$$$$$$$$$$$ state at run end measurement
state changed from measurement to success
post measurement save measured=True aborted=False
Set filtering
setting fod for Ar40= {'filter_outliers': True, 'std_devs': 2, 'iterations': 1}
setting fod for H1= {'filter_outliers': True, 'std_devs': 2, 'iterations': 1}
setting fod for PM41= {'filter_outliers': False, 'std_devs': 2, 'iterations': 1}
setting fod for H2= {'filter_outliers': True, 'std_devs': 2, 'iterations': 1}
setting fod for Ar36= {'filter_outliers': True, 'std_devs': 2, 'iterations': 1}
setting fod for CDD= {'filter_outliers': True, 'std_devs': 10, 'iterations': 1}
setting fod for Ar37= {'filter_outliers': True, 'std_devs': 2, 'iterations': 1}
setting fod for L2= {'filter_outliers': True, 'std_devs': 2, 'iterations': 1}
setting fod for Ar38= {'filter_outliers': True, 'std_devs': 2, 'iterations': 1}
setting fod for L1= {'filter_outliers': True, 'std_devs': 2, 'iterations': 1}
setting fod for Ar39= {'filter_outliers': True, 'std_devs': 2, 'iterations': 1}
setting fod for AX= {'filter_outliers': True, 'std_devs': 2, 'iterations': 1}
persistence save...
persistence save - db
post measurement save
5655322448 connecting to database sqlite:////Users/jan/PychronDev/.appdata/local_lab.db
connected to db sqlite:////Users/jan/PychronDev/.appdata/local_lab.db
create new session 5655322448
close session 5655322448
No database instance. Not saving post measurement to isotopedb database
$$$$$$$$$$$$$$$ auto_save_detector_ic=False
massspec enabled True
create new session 5000376688
MassSpec Database Version: 16.0
close session 5000376688
saving post measurement to secondary database
saving to massspec database 129.138.12.160/massspecdata
setting labnumber to bu-FC-J
setting aliquot to 7920
setting step to 
setting uuid to 2049a99c-ada6-4a03-955a-009b75b4f1e9
setting irradpos to bu-FC-J
setting extract_device to Fusions CO2
setting tray to 
setting position to 1
setting power_requested to 0.0
setting extract_value to 0.0
setting duration to 30.0
setting duration_at_request to 30.0
setting first_stage_delay to 30.0
setting cleanup to 30.0
setting comment to 
setting irradiation to NoIrradiation
setting level to A
setting irradiation_level to A
setting sample to blank_unknown
setting material to Blank
setting project to REFERENCES
setting mass_spectrometer to Jan
no attribute chron_dosages
no attribute production_ratios
no attribute interference_corrections
no attribute production_name
no attribute j
Reference Isotope=Ar40
Reference Detector=H1
%%%%%%%%%%%%%%%%%%%% Comment:  %%%%%%%%%%%%%%%%%%%
adding isotope PM41 H2
add baseline dbdet= PM41. original det= H2
get baseline data PM41 H2
Get data baseline <pychron.processing.isotope.Baseline object at 0x14be7c050> len t=120
baseline PM41. v=-0.198685163631, e=0.00541510201925
get signal data PM41 H2
Get data signal PM41 0.03+/-0.06 len t=400
adding isotope Ar40 H1
add baseline dbdet= Ar40. original det= H1
get baseline data Ar40 H1
Get data baseline <pychron.processing.isotope.Baseline object at 0x14be7c450> len t=120
baseline Ar40. v=-0.131026926062, e=0.0131482260676
get signal data Ar40 H1
Get data signal Ar40 0.314+/-0.022 len t=400
adding isotope Ar39 AX
add baseline dbdet= Ar39. original det= AX
get baseline data Ar39 AX
Get data baseline <pychron.processing.isotope.Baseline object at 0x14be7c790> len t=120
baseline Ar39. v=-0.0682822161848, e=0.00423764628078
get signal data Ar39 AX
Get data signal Ar39 0.019+/-0.009 len t=400
adding isotope Ar38 L1
add baseline dbdet= Ar38. original det= L1
get baseline data Ar38 L1
Get data baseline <pychron.processing.isotope.Baseline object at 0x14be7c8d0> len t=120
baseline Ar38. v=-0.0295853243616, e=0.00211476850743
get signal data Ar38 L1
Get data signal Ar38 0.0013+/-0.0019 len t=400
adding isotope Ar37 L2
add baseline dbdet= Ar37. original det= L2
get baseline data Ar37 L2
Get data baseline <pychron.processing.isotope.Baseline object at 0x14be7c150> len t=120
baseline Ar37. v=-0.0277864670315, e=0.00412097203919
get signal data Ar37 L2
Get data signal Ar37 0.058+/-0.005 len t=400
adding isotope Ar36 CDD
add baseline dbdet= Ar36. original det= CDD
get baseline data Ar36 CDD
Get data baseline <pychron.processing.isotope.Baseline object at 0x14be7ca90> len t=120
baseline Ar36. v=1.11649058638e-05, e=4.00289989518e-06
get signal data Ar36 CDD
Get data signal Ar36 0.00406+/-0.00017 len t=400
bu-FC-J-7920 added analysis time 0.550101995468s
analysis added to mass spec database
mass spec save time= 0.567
persistence save - dvc
================= post measurement started
create new session 5006109296
close session 5006109296
---------------- Experiment Queue saving disabled
DVC saving peakcenter
Failed to find a valid peak. No peak greater than 1.0. max = 0.267491057662
Failed to find a valid peak. No peak greater than 1.0. max = 0.0982891639396
Failed to find a valid peak. No peak greater than 1.0. max = 0.0132347129751
Smart pull ahead: 0 behind: 0
Up-to-date with origin
add to repo msg=modified - ad8224ebc6dbfeb9f5997218dfa5fe690569839d.json
add to repo msg=modified - -J-7920.json
add to repo msg=modified - -J-7920.dat.json
add to repo msg=modified - -J-7920.blan.json
add to repo msg=modified - -J-7920.inte.json
add to repo msg=modified - -J-7920.icfa.json
add to repo msg=modified - -J-7920.base.json
not at valid file /Users/jan/PychronDev/data/.dvc/repositories/Jan_blank170/bu-FC/tags/-J-7920.tags.json
add to repo msg=modified - -J-7920.peak.json
add to repo msg=modified - -J-7920.extr.json
not at valid file /Users/jan/PychronDev/data/.dvc/repositories/Jan_blank170/bu-FC/monitor/-J-7920.moni.json
commit message=<COLLECTION>
add to repo msg=modified - -J-7920.inte.json
add to repo msg=modified - -J-7920.base.json
commit message=<ISOEVO> default collection fits
add to repo msg=modified - -J-7920.blan.json
commit message=<BLANKS> preceding bc-02-J-516
add to repo msg=modified - -J-7920.icfa.json
commit message=<ICFactor> default
push repository <pychron.git_archive.repo_manager.GitRepoManager object at 0x1331c3290>
pushing to remote=origin, url=https://github.com
no changes to meta repo
create new session 5006109296
add association Jan_blank170
get identifier "bu-FC-J"
setting analysis irradiation position=<pychron.dvc.dvc_orm.IrradiationPositionTbl object at 0x143255b10>
close session 5006109296
================= post measurement finished
20:35:27 -- ******* Post Run Check *******
loading queue conditionals post_run_actions
loading system conditionals post_run_actions
loading conditionals from /Users/jan/PychronDev/setupfiles/spectrometer/default_conditionals.yaml
loading queue conditionals post_run_terminations
loading system conditionals post_run_terminations
loading conditionals from /Users/jan/PychronDev/setupfiles/spectrometer/default_conditionals.yaml
Checking default post run terminations n=1
GetDeflection CDD ===>> 50
testing CDD==2000
evaluate ot="CDD.deflection==2000" t="CDD==2000", ctx="{'CDD': 50.0}"
20:35:28 -- ******* Post Run Check Passed *******
20:35:28 -- Automated run bu-FC-J-7920 success duration: 712.691 s
----------------- finish -----------------
----------------- stop -----------------
retroactive repository identifiers disabled
finish run. runs completed=29
update duration runid=bu-FC-J-7920, duration=712.691153049, md5=4c9e8ecc
loading script "jan_unknown60_30.py"
loading script "jan_pump_ms.py"
loading script "jan_co2.py"
loading script "jan_pump_extraction_line.py"
testing...
no interpolation path defined
executed snippet estimated_duration=122.452928, duration=0.000197172164917
script duration name:unknown60_30 seconds:122.0
loading script "jan_unknown60_30.py"
loading script "jan_pump_ms.py"
loading script "jan_co2.py"
loading script "jan_pump_extraction_line.py"
testing...
no interpolation path defined
executed snippet estimated_duration=0, duration=2.71797180176e-05
loading script "jan_unknown60_30.py"
loading script "jan_pump_ms.py"
loading script "jan_co2.py"
loading script "jan_pump_extraction_line.py"
testing...
no interpolation path defined
calculate duration
testing...
no interpolation path defined
executed snippet estimated_duration=0, duration=5.29289245605e-05
calculate duration
testing...
no interpolation path defined
executed snippet estimated_duration=0, duration=9.48905944824e-05
executed snippet estimated_duration=0.0, duration=0.0209171772003
script duration name:co2 seconds:0.0
loading script "jan_unknown60_30.py"
loading script "jan_pump_ms.py"
loading script "jan_co2.py"
loading script "jan_pump_extraction_line.py"
testing...
no interpolation path defined
calculate duration
testing...
no interpolation path defined
executed snippet estimated_duration=4.0, duration=0.000154972076416
executed snippet estimated_duration=4.0, duration=0.00220608711243
Script duration 122.0
Run total estimated duration= 123.000
unknown60_30 in script context. using previous estimated duration
script duration name:unknown60_30 seconds:122.0
pump_ms in script context. using previous estimated duration
co2 in script context. using previous estimated duration
script duration name:co2 seconds:0.0
pump_extraction_line in script context. using previous estimated duration
Script duration 122.0
Run total estimated duration= 123.000
script duration name:unknown60_30 seconds:122.0
script duration name:co2 seconds:0.0
Script duration 122.0
Run total estimated duration= 123.000
script duration name:unknown60_30 seconds:122.0
script duration name:co2 seconds:0.0
Script duration 122.0
Run total estimated duration= 123.000
script duration name:unknown60_30 seconds:122.0
script duration name:co2 seconds:0.0
Script duration 122.0
Run total estimated duration= 123.000
script duration name:unknown60_30 seconds:122.0
script duration name:co2 seconds:0.0
Script duration 122.0
Run total estimated duration= 123.000
script duration name:unknown60_30 seconds:122.0
script duration name:co2 seconds:0.0
Script duration 122.0
Run total estimated duration= 123.000
script duration name:unknown60_30 seconds:122.0
script duration name:co2 seconds:0.0
Script duration 122.0
Run total estimated duration= 123.000
script duration name:unknown60_30 seconds:122.0
script duration name:co2 seconds:0.0
Script duration 122.0
Run total estimated duration= 123.000
script duration name:unknown60_30 seconds:122.0
script duration name:co2 seconds:0.0
Script duration 122.0
Run total estimated duration= 123.000
script duration name:unknown60_30 seconds:122.0
script duration name:co2 seconds:0.0
Script duration 122.0
Run total estimated duration= 123.000
script duration name:unknown60_30 seconds:122.0
script duration name:co2 seconds:0.0
Script duration 122.0
Run total estimated duration= 123.000
script duration name:unknown60_30 seconds:122.0
script duration name:co2 seconds:0.0
Script duration 122.0
Run total estimated duration= 123.000
script duration name:unknown60_30 seconds:122.0
script duration name:co2 seconds:0.0
Script duration 122.0
Run total estimated duration= 123.000
script duration name:unknown60_30 seconds:122.0
script duration name:co2 seconds:0.0
Script duration 122.0
Run total estimated duration= 123.000
script duration name:unknown60_30 seconds:122.0
script duration name:co2 seconds:0.0
Script duration 122.0
Run total estimated duration= 123.000
script duration name:unknown60_30 seconds:122.0
script duration name:co2 seconds:0.0
Script duration 122.0
Run total estimated duration= 123.000
loading script "jan_unknown400_120.py"
loading script "jan_pump_ms.py"
loading script "jan_sniffair_x2.py"
loading script "jan_pump_extraction_line.py"
testing...
no interpolation path defined
executed snippet estimated_duration=556.052928, duration=0.000146865844727
script duration name:unknown400_120 seconds:556.0
loading script "jan_unknown400_120.py"
loading script "jan_pump_ms.py"
loading script "jan_sniffair_x2.py"
loading script "jan_pump_extraction_line.py"
testing...
no interpolation path defined
calculate duration
testing...
no interpolation path defined
executed snippet estimated_duration=0, duration=4.57763671875e-05
calculate duration
testing...
no interpolation path defined
executed snippet estimated_duration=0, duration=9.79900360107e-05
calculate duration
testing...
no interpolation path defined
executed snippet estimated_duration=32.0, duration=9.20295715332e-05
calculate duration
testing...
no interpolation path defined
executed snippet estimated_duration=34.0, duration=0.000146865844727
calculate duration
testing...
no interpolation path defined
executed snippet estimated_duration=4.0, duration=6.60419464111e-05
calculate duration
testing...
no interpolation path defined
executed snippet estimated_duration=36.0, duration=0.000102043151855
calculate duration
testing...
no interpolation path defined
executed snippet estimated_duration=34.0, duration=0.000103950500488
calculate duration
testing...
no interpolation path defined
executed snippet estimated_duration=4.0, duration=6.50882720947e-05
calculate duration
testing...
no interpolation path defined
executed snippet estimated_duration=36.0, duration=0.00015115737915
calculate duration
testing...
no interpolation path defined
executed snippet estimated_duration=70.0, duration=0.000134944915771
executed snippet estimated_duration=250.0, duration=0.018364906311
script duration name:sniffair_x2 seconds:250.0
Script duration 806.0
Run total estimated duration= 807.000
unknown400_120 in script context. using previous estimated duration
script duration name:unknown400_120 seconds:556.0
sniffair_x2 in script context. using previous estimated duration
script duration name:sniffair_x2 seconds:250.0
Script duration 806.0
Run total estimated duration= 807.000
script duration name:unknown400_120 seconds:556.0
loading script "jan_unknown400_120.py"
loading script "jan_pump_ms.py"
loading script "jan_cocktail_x1.py"
loading script "jan_pump_extraction_line.py"
testing...
no interpolation path defined
calculate duration
testing...
no interpolation path defined
executed snippet estimated_duration=0, duration=5.91278076172e-05
calculate duration
testing...
no interpolation path defined
executed snippet estimated_duration=0, duration=9.70363616943e-05
calculate duration
testing...
no interpolation path defined
executed snippet estimated_duration=32.0, duration=0.000113964080811
calculate duration
testing...
no interpolation path defined
executed snippet estimated_duration=34.0, duration=0.00010085105896
calculate duration
testing...
no interpolation path defined
executed snippet estimated_duration=4.0, duration=7.60555267334e-05
calculate duration
testing...
no interpolation path defined
executed snippet estimated_duration=38.0, duration=0.000144958496094
executed snippet estimated_duration=108.0, duration=0.0208919048309
script duration name:cocktail_x1 seconds:108.0
Script duration 664.0
Run total estimated duration= 665.000
script duration name:unknown400_120 seconds:556.0
cocktail_x1 in script context. using previous estimated duration
script duration name:cocktail_x1 seconds:108.0
Script duration 664.0
Run total estimated duration= 665.000
script duration name:unknown400_120 seconds:556.0
script duration name:co2 seconds:0.0
Script duration 556.0
Run total estimated duration= 557.000
script duration name:unknown60_30 seconds:122.0
script duration name:co2 seconds:0.0
Script duration 122.0
Run total estimated duration= 123.000
script duration name:unknown60_30 seconds:122.0
script duration name:co2 seconds:0.0
Script duration 122.0
Run total estimated duration= 123.000
script duration name:unknown60_30 seconds:122.0
script duration name:co2 seconds:0.0
Script duration 122.0
Run total estimated duration= 123.000
script duration name:unknown60_30 seconds:122.0
script duration name:co2 seconds:0.0
Script duration 122.0
Run total estimated duration= 123.000
script duration name:unknown60_30 seconds:122.0
script duration name:co2 seconds:0.0
Script duration 122.0
Run total estimated duration= 123.000
script duration name:unknown60_30 seconds:122.0
script duration name:co2 seconds:0.0
Script duration 122.0
Run total estimated duration= 123.000
script duration name:unknown60_30 seconds:122.0
script duration name:co2 seconds:0.0
Script duration 122.0
Run total estimated duration= 123.000
script duration name:unknown60_30 seconds:122.0
script duration name:co2 seconds:0.0
Script duration 122.0
Run total estimated duration= 123.000
script duration name:unknown60_30 seconds:122.0
script duration name:co2 seconds:0.0
Script duration 122.0
Run total estimated duration= 123.000
script duration name:unknown60_30 seconds:122.0
script duration name:co2 seconds:0.0
Script duration 122.0
Run total estimated duration= 123.000
script duration name:unknown60_30 seconds:122.0
script duration name:co2 seconds:0.0
Script duration 122.0
Run total estimated duration= 123.000
script duration name:unknown60_30 seconds:122.0
script duration name:co2 seconds:0.0
Script duration 122.0
Run total estimated duration= 123.000
script duration name:unknown60_30 seconds:122.0
script duration name:co2 seconds:0.0
Script duration 122.0
Run total estimated duration= 123.000
script duration name:unknown60_30 seconds:122.0
script duration name:co2 seconds:0.0
Script duration 122.0
Run total estimated duration= 123.000
script duration name:unknown60_30 seconds:122.0
script duration name:co2 seconds:0.0
Script duration 122.0
Run total estimated duration= 123.000
script duration name:unknown60_30 seconds:122.0
script duration name:co2 seconds:0.0
Script duration 122.0
Run total estimated duration= 123.000
script duration name:unknown60_30 seconds:122.0
script duration name:co2 seconds:0.0
Script duration 122.0
Run total estimated duration= 123.000
script duration name:unknown60_30 seconds:122.0
script duration name:co2 seconds:0.0
Script duration 122.0
Run total estimated duration= 123.000
script duration name:unknown60_30 seconds:122.0
script duration name:co2 seconds:0.0
Script duration 122.0
Run total estimated duration= 123.000
script duration name:unknown60_30 seconds:122.0
script duration name:co2 seconds:0.0
Script duration 122.0
Run total estimated duration= 123.000
script duration name:unknown60_30 seconds:122.0
script duration name:co2 seconds:0.0
Script duration 122.0
Run total estimated duration= 123.000
script duration name:unknown60_30 seconds:122.0
script duration name:co2 seconds:0.0
Script duration 122.0
Run total estimated duration= 123.000
script duration name:unknown60_30 seconds:122.0
script duration name:co2 seconds:0.0
Script duration 122.0
Run total estimated duration= 123.000
script duration name:unknown60_30 seconds:122.0
script duration name:co2 seconds:0.0
Script duration 122.0
Run total estimated duration= 123.000
script duration name:unknown60_30 seconds:122.0
script duration name:co2 seconds:0.0
Script duration 122.0
Run total estimated duration= 123.000
script duration name:unknown60_30 seconds:122.0
script duration name:co2 seconds:0.0
Script duration 122.0
Run total estimated duration= 123.000
script duration name:unknown60_30 seconds:122.0
script duration name:co2 seconds:0.0
Script duration 122.0
Run total estimated duration= 123.000
script duration name:unknown60_30 seconds:122.0
script duration name:co2 seconds:0.0
Script duration 122.0
Run total estimated duration= 123.000
script duration name:unknown400_120 seconds:556.0
script duration name:sniffair_x2 seconds:250.0
Script duration 806.0
Run total estimated duration= 807.000
script duration name:unknown400_120 seconds:556.0
script duration name:sniffair_x2 seconds:250.0
Script duration 806.0
Run total estimated duration= 807.000
script duration name:unknown400_120 seconds:556.0
script duration name:cocktail_x1 seconds:108.0
Script duration 664.0
Run total estimated duration= 665.000
script duration name:unknown400_120 seconds:556.0
script duration name:cocktail_x1 seconds:108.0
Script duration 664.0
Run total estimated duration= 665.000
script duration name:unknown400_120 seconds:556.0
script duration name:co2 seconds:0.0
Script duration 556.0
Run total estimated duration= 557.000
script duration name:unknown60_30 seconds:122.0
script duration name:co2 seconds:0.0
Script duration 122.0
Run total estimated duration= 123.000
script duration name:unknown60_30 seconds:122.0
script duration name:co2 seconds:0.0
Script duration 122.0
Run total estimated duration= 123.000
script duration name:unknown60_30 seconds:122.0
script duration name:co2 seconds:0.0
Script duration 122.0
Run total estimated duration= 123.000
script duration name:unknown60_30 seconds:122.0
script duration name:co2 seconds:0.0
Script duration 122.0
Run total estimated duration= 123.000
script duration name:unknown60_30 seconds:122.0
script duration name:co2 seconds:0.0
Script duration 122.0
Run total estimated duration= 123.000
script duration name:unknown60_30 seconds:122.0
script duration name:co2 seconds:0.0
Script duration 122.0
Run total estimated duration= 123.000
script duration name:unknown60_30 seconds:122.0
script duration name:co2 seconds:0.0
Script duration 122.0
Run total estimated duration= 123.000
script duration name:unknown60_30 seconds:122.0
script duration name:co2 seconds:0.0
Script duration 122.0
Run total estimated duration= 123.000
script duration name:unknown60_30 seconds:122.0
script duration name:co2 seconds:0.0
Script duration 122.0
Run total estimated duration= 123.000
script duration name:unknown60_30 seconds:122.0
script duration name:co2 seconds:0.0
Script duration 122.0
Run total estimated duration= 123.000
script duration name:unknown60_30 seconds:122.0
script duration name:co2 seconds:0.0
Script duration 122.0
Run total estimated duration= 123.000
script duration name:unknown60_30 seconds:122.0
script duration name:co2 seconds:0.0
Script duration 122.0
Run total estimated duration= 123.000
script duration name:unknown60_30 seconds:122.0
script duration name:co2 seconds:0.0
Script duration 122.0
Run total estimated duration= 123.000
script duration name:unknown60_30 seconds:122.0
script duration name:co2 seconds:0.0
Script duration 122.0
Run total estimated duration= 123.000
script duration name:unknown60_30 seconds:122.0
script duration name:co2 seconds:0.0
Script duration 122.0
Run total estimated duration= 123.000
script duration name:unknown60_30 seconds:122.0
script duration name:co2 seconds:0.0
Script duration 122.0
Run total estimated duration= 123.000
script duration name:unknown60_30 seconds:122.0
script duration name:co2 seconds:0.0
Script duration 122.0
Run total estimated duration= 123.000
script duration name:unknown60_30 seconds:122.0
script duration name:co2 seconds:0.0
Script duration 122.0
Run total estimated duration= 123.000
script duration name:unknown60_30 seconds:122.0
script duration name:co2 seconds:0.0
Script duration 122.0
Run total estimated duration= 123.000
script duration name:unknown60_30 seconds:122.0
script duration name:co2 seconds:0.0
Script duration 122.0
Run total estimated duration= 123.000
script duration name:unknown60_30 seconds:122.0
script duration name:co2 seconds:0.0
Script duration 122.0
Run total estimated duration= 123.000
script duration name:unknown60_30 seconds:122.0
script duration name:co2 seconds:0.0
Script duration 122.0
Run total estimated duration= 123.000
script duration name:unknown60_30 seconds:122.0
script duration name:co2 seconds:0.0
Script duration 122.0
Run total estimated duration= 123.000
script duration name:unknown60_30 seconds:122.0
script duration name:co2 seconds:0.0
Script duration 122.0
Run total estimated duration= 123.000
script duration name:unknown60_30 seconds:122.0
script duration name:co2 seconds:0.0
Script duration 122.0
Run total estimated duration= 123.000
script duration name:unknown60_30 seconds:122.0
script duration name:co2 seconds:0.0
Script duration 122.0
Run total estimated duration= 123.000
script duration name:unknown60_30 seconds:122.0
script duration name:co2 seconds:0.0
Script duration 122.0
Run total estimated duration= 123.000
script duration name:unknown60_30 seconds:122.0
script duration name:co2 seconds:0.0
Script duration 122.0
Run total estimated duration= 123.000
script duration name:unknown400_120 seconds:556.0
script duration name:sniffair_x2 seconds:250.0
Script duration 806.0
Run total estimated duration= 807.000
script duration name:unknown400_120 seconds:556.0
script duration name:sniffair_x2 seconds:250.0
Script duration 806.0
Run total estimated duration= 807.000
script duration name:unknown400_120 seconds:556.0
script duration name:cocktail_x1 seconds:108.0
Script duration 664.0
Run total estimated duration= 665.000
script duration name:unknown400_120 seconds:556.0
script duration name:cocktail_x1 seconds:108.0
Script duration 664.0
Run total estimated duration= 665.000
script duration name:unknown400_120 seconds:556.0
script duration name:co2 seconds:0.0
Script duration 556.0
Run total estimated duration= 557.000
script duration name:unknown60_30 seconds:122.0
script duration name:co2 seconds:0.0
Script duration 122.0
Run total estimated duration= 123.000
script duration name:unknown60_30 seconds:122.0
script duration name:co2 seconds:0.0
Script duration 122.0
Run total estimated duration= 123.000
script duration name:unknown60_30 seconds:122.0
script duration name:co2 seconds:0.0
Script duration 122.0
Run total estimated duration= 123.000
script duration name:unknown60_30 seconds:122.0
script duration name:co2 seconds:0.0
Script duration 122.0
Run total estimated duration= 123.000
script duration name:unknown60_30 seconds:122.0
script duration name:co2 seconds:0.0
Script duration 122.0
Run total estimated duration= 123.000
script duration name:unknown60_30 seconds:122.0
script duration name:co2 seconds:0.0
Script duration 122.0
Run total estimated duration= 123.000
script duration name:unknown60_30 seconds:122.0
script duration name:co2 seconds:0.0
Script duration 122.0
Run total estimated duration= 123.000
script duration name:unknown60_30 seconds:122.0
script duration name:co2 seconds:0.0
Script duration 122.0
Run total estimated duration= 123.000
script duration name:unknown60_30 seconds:122.0
script duration name:co2 seconds:0.0
Script duration 122.0
Run total estimated duration= 123.000
script duration name:unknown60_30 seconds:122.0
script duration name:co2 seconds:0.0
Script duration 122.0
Run total estimated duration= 123.000
script duration name:unknown60_30 seconds:122.0
script duration name:co2 seconds:0.0
Script duration 122.0
Run total estimated duration= 123.000
script duration name:unknown60_30 seconds:122.0
script duration name:co2 seconds:0.0
Script duration 122.0
Run total estimated duration= 123.000
script duration name:unknown60_30 seconds:122.0
script duration name:co2 seconds:0.0
Script duration 122.0
Run total estimated duration= 123.000
script duration name:unknown60_30 seconds:122.0
script duration name:co2 seconds:0.0
Script duration 122.0
Run total estimated duration= 123.000
script duration name:unknown60_30 seconds:122.0
script duration name:co2 seconds:0.0
Script duration 122.0
Run total estimated duration= 123.000
script duration name:unknown60_30 seconds:122.0
script duration name:co2 seconds:0.0
Script duration 122.0
Run total estimated duration= 123.000
script duration name:unknown60_30 seconds:122.0
script duration name:co2 seconds:0.0
Script duration 122.0
Run total estimated duration= 123.000
script duration name:unknown60_30 seconds:122.0
script duration name:co2 seconds:0.0
Script duration 122.0
Run total estimated duration= 123.000
script duration name:unknown60_30 seconds:122.0
script duration name:co2 seconds:0.0
Script duration 122.0
Run total estimated duration= 123.000
script duration name:unknown60_30 seconds:122.0
script duration name:co2 seconds:0.0
Script duration 122.0
Run total estimated duration= 123.000
script duration name:unknown60_30 seconds:122.0
script duration name:co2 seconds:0.0
Script duration 122.0
Run total estimated duration= 123.000
script duration name:unknown60_30 seconds:122.0
script duration name:co2 seconds:0.0
Script duration 122.0
Run total estimated duration= 123.000
script duration name:unknown60_30 seconds:122.0
script duration name:co2 seconds:0.0
Script duration 122.0
Run total estimated duration= 123.000
script duration name:unknown60_30 seconds:122.0
script duration name:co2 seconds:0.0
Script duration 122.0
Run total estimated duration= 123.000
script duration name:unknown60_30 seconds:122.0
script duration name:co2 seconds:0.0
Script duration 122.0
Run total estimated duration= 123.000
script duration name:unknown60_30 seconds:122.0
script duration name:co2 seconds:0.0
Script duration 122.0
Run total estimated duration= 123.000
script duration name:unknown60_30 seconds:122.0
script duration name:co2 seconds:0.0
Script duration 122.0
Run total estimated duration= 123.000
script duration name:unknown60_30 seconds:122.0
script duration name:co2 seconds:0.0
Script duration 122.0
Run total estimated duration= 123.000
script duration name:unknown400_120 seconds:556.0
script duration name:sniffair_x2 seconds:250.0
Script duration 806.0
Run total estimated duration= 807.000
script duration name:unknown400_120 seconds:556.0
script duration name:sniffair_x2 seconds:250.0
Script duration 806.0
Run total estimated duration= 807.000
script duration name:unknown400_120 seconds:556.0
script duration name:cocktail_x1 seconds:108.0
Script duration 664.0
Run total estimated duration= 665.000
script duration name:unknown400_120 seconds:556.0
script duration name:cocktail_x1 seconds:108.0
Script duration 664.0
Run total estimated duration= 665.000
script duration name:unknown400_120 seconds:556.0
script duration name:co2 seconds:0.0
Script duration 556.0
Run total estimated duration= 557.000
script duration name:unknown60_30 seconds:122.0
script duration name:co2 seconds:0.0
Script duration 122.0
Run total estimated duration= 123.000
script duration name:unknown60_30 seconds:122.0
script duration name:co2 seconds:0.0
Script duration 122.0
Run total estimated duration= 123.000
script duration name:unknown60_30 seconds:122.0
script duration name:co2 seconds:0.0
Script duration 122.0
Run total estimated duration= 123.000
script duration name:unknown60_30 seconds:122.0
script duration name:co2 seconds:0.0
Script duration 122.0
Run total estimated duration= 123.000
script duration name:unknown60_30 seconds:122.0
script duration name:co2 seconds:0.0
Script duration 122.0
Run total estimated duration= 123.000
script duration name:unknown60_30 seconds:122.0
script duration name:co2 seconds:0.0
Script duration 122.0
Run total estimated duration= 123.000
script duration name:unknown60_30 seconds:122.0
script duration name:co2 seconds:0.0
Script duration 122.0
Run total estimated duration= 123.000
script duration name:unknown60_30 seconds:122.0
script duration name:co2 seconds:0.0
Script duration 122.0
Run total estimated duration= 123.000
script duration name:unknown60_30 seconds:122.0
script duration name:co2 seconds:0.0
Script duration 122.0
Run total estimated duration= 123.000
script duration name:unknown60_30 seconds:122.0
script duration name:co2 seconds:0.0
Script duration 122.0
Run total estimated duration= 123.000
script duration name:unknown60_30 seconds:122.0
script duration name:co2 seconds:0.0
Script duration 122.0
Run total estimated duration= 123.000
script duration name:unknown60_30 seconds:122.0
script duration name:co2 seconds:0.0
Script duration 122.0
Run total estimated duration= 123.000
script duration name:unknown60_30 seconds:122.0
script duration name:co2 seconds:0.0
Script duration 122.0
Run total estimated duration= 123.000
script duration name:unknown60_30 seconds:122.0
script duration name:co2 seconds:0.0
Script duration 122.0
Run total estimated duration= 123.000
script duration name:unknown60_30 seconds:122.0
script duration name:co2 seconds:0.0
Script duration 122.0
Run total estimated duration= 123.000
script duration name:unknown60_30 seconds:122.0
script duration name:co2 seconds:0.0
Script duration 122.0
Run total estimated duration= 123.000
script duration name:unknown60_30 seconds:122.0
script duration name:co2 seconds:0.0
Script duration 122.0
Run total estimated duration= 123.000
script duration name:unknown60_30 seconds:122.0
script duration name:co2 seconds:0.0
Script duration 122.0
Run total estimated duration= 123.000
script duration name:unknown60_30 seconds:122.0
script duration name:co2 seconds:0.0
Script duration 122.0
Run total estimated duration= 123.000
script duration name:unknown60_30 seconds:122.0
script duration name:co2 seconds:0.0
Script duration 122.0
Run total estimated duration= 123.000
script duration name:unknown60_30 seconds:122.0
script duration name:co2 seconds:0.0
Script duration 122.0
Run total estimated duration= 123.000
script duration name:unknown60_30 seconds:122.0
script duration name:co2 seconds:0.0
Script duration 122.0
Run total estimated duration= 123.000
script duration name:unknown60_30 seconds:122.0
script duration name:co2 seconds:0.0
Script duration 122.0
Run total estimated duration= 123.000
script duration name:unknown60_30 seconds:122.0
script duration name:co2 seconds:0.0
Script duration 122.0
Run total estimated duration= 123.000
script duration name:unknown60_30 seconds:122.0
script duration name:co2 seconds:0.0
Script duration 122.0
Run total estimated duration= 123.000
script duration name:unknown60_30 seconds:122.0
script duration name:co2 seconds:0.0
Script duration 122.0
Run total estimated duration= 123.000
script duration name:unknown60_30 seconds:122.0
script duration name:co2 seconds:0.0
Script duration 122.0
Run total estimated duration= 123.000
script duration name:unknown60_30 seconds:122.0
script duration name:co2 seconds:0.0
Script duration 122.0
Run total estimated duration= 123.000
script duration name:unknown400_120 seconds:556.0
script duration name:sniffair_x2 seconds:250.0
Script duration 806.0
Run total estimated duration= 807.000
script duration name:unknown400_120 seconds:556.0
script duration name:sniffair_x2 seconds:250.0
Script duration 806.0
Run total estimated duration= 807.000
script duration name:unknown400_120 seconds:556.0
script duration name:cocktail_x1 seconds:108.0
Script duration 664.0
Run total estimated duration= 665.000
script duration name:unknown400_120 seconds:556.0
script duration name:cocktail_x1 seconds:108.0
Script duration 664.0
Run total estimated duration= 665.000
script duration name:unknown400_120 seconds:556.0
script duration name:co2 seconds:0.0
Script duration 556.0
Run total estimated duration= 557.000
script duration name:unknown60_30 seconds:122.0
script duration name:co2 seconds:0.0
Script duration 122.0
Run total estimated duration= 123.000
script duration name:unknown60_30 seconds:122.0
script duration name:co2 seconds:0.0
Script duration 122.0
Run total estimated duration= 123.000
script duration name:unknown60_30 seconds:122.0
script duration name:co2 seconds:0.0
Script duration 122.0
Run total estimated duration= 123.000
script duration name:unknown60_30 seconds:122.0
script duration name:co2 seconds:0.0
Script duration 122.0
Run total estimated duration= 123.000
script duration name:unknown60_30 seconds:122.0
script duration name:co2 seconds:0.0
Script duration 122.0
Run total estimated duration= 123.000
script duration name:unknown60_30 seconds:122.0
script duration name:co2 seconds:0.0
Script duration 122.0
Run total estimated duration= 123.000
script duration name:unknown60_30 seconds:122.0
script duration name:co2 seconds:0.0
Script duration 122.0
Run total estimated duration= 123.000
script duration name:unknown60_30 seconds:122.0
script duration name:co2 seconds:0.0
Script duration 122.0
Run total estimated duration= 123.000
script duration name:unknown60_30 seconds:122.0
script duration name:co2 seconds:0.0
Script duration 122.0
Run total estimated duration= 123.000
script duration name:unknown60_30 seconds:122.0
script duration name:co2 seconds:0.0
Script duration 122.0
Run total estimated duration= 123.000
script duration name:unknown60_30 seconds:122.0
script duration name:co2 seconds:0.0
Script duration 122.0
Run total estimated duration= 123.000
script duration name:unknown60_30 seconds:122.0
script duration name:co2 seconds:0.0
Script duration 122.0
Run total estimated duration= 123.000
script duration name:unknown60_30 seconds:122.0
script duration name:co2 seconds:0.0
Script duration 122.0
Run total estimated duration= 123.000
script duration name:unknown60_30 seconds:122.0
script duration name:co2 seconds:0.0
Script duration 122.0
Run total estimated duration= 123.000
script duration name:unknown60_30 seconds:122.0
script duration name:co2 seconds:0.0
Script duration 122.0
Run total estimated duration= 123.000
script duration name:unknown60_30 seconds:122.0
script duration name:co2 seconds:0.0
Script duration 122.0
Run total estimated duration= 123.000
script duration name:unknown60_30 seconds:122.0
script duration name:co2 seconds:0.0
Script duration 122.0
Run total estimated duration= 123.000
script duration name:unknown60_30 seconds:122.0
script duration name:co2 seconds:0.0
Script duration 122.0
Run total estimated duration= 123.000
script duration name:unknown60_30 seconds:122.0
script duration name:co2 seconds:0.0
Script duration 122.0
Run total estimated duration= 123.000
script duration name:unknown60_30 seconds:122.0
script duration name:co2 seconds:0.0
Script duration 122.0
Run total estimated duration= 123.000
script duration name:unknown60_30 seconds:122.0
script duration name:co2 seconds:0.0
Script duration 122.0
Run total estimated duration= 123.000
script duration name:unknown60_30 seconds:122.0
script duration name:co2 seconds:0.0
Script duration 122.0
Run total estimated duration= 123.000
script duration name:unknown60_30 seconds:122.0
script duration name:co2 seconds:0.0
Script duration 122.0
Run total estimated duration= 123.000
script duration name:unknown60_30 seconds:122.0
script duration name:co2 seconds:0.0
Script duration 122.0
Run total estimated duration= 123.000
script duration name:unknown60_30 seconds:122.0
script duration name:co2 seconds:0.0
Script duration 122.0
Run total estimated duration= 123.000
script duration name:unknown60_30 seconds:122.0
script duration name:co2 seconds:0.0
Script duration 122.0
Run total estimated duration= 123.000
script duration name:unknown60_30 seconds:122.0
script duration name:co2 seconds:0.0
Script duration 122.0
Run total estimated duration= 123.000
script duration name:unknown60_30 seconds:122.0
script duration name:co2 seconds:0.0
Script duration 122.0
Run total estimated duration= 123.000
script duration name:unknown400_120 seconds:556.0
script duration name:sniffair_x2 seconds:250.0
Script duration 806.0
Run total estimated duration= 807.000
script duration name:unknown400_120 seconds:556.0
script duration name:sniffair_x2 seconds:250.0
Script duration 806.0
Run total estimated duration= 807.000
script duration name:unknown400_120 seconds:556.0
script duration name:cocktail_x1 seconds:108.0
Script duration 664.0
Run total estimated duration= 665.000
script duration name:unknown400_120 seconds:556.0
script duration name:cocktail_x1 seconds:108.0
Script duration 664.0
Run total estimated duration= 665.000
script duration name:unknown400_120 seconds:556.0
script duration name:co2 seconds:0.0
Script duration 556.0
Run total estimated duration= 557.000
script duration name:unknown60_30 seconds:122.0
script duration name:co2 seconds:0.0
Script duration 122.0
Run total estimated duration= 123.000
script duration name:unknown60_30 seconds:122.0
script duration name:co2 seconds:0.0
Script duration 122.0
Run total estimated duration= 123.000
script duration name:unknown60_30 seconds:122.0
script duration name:co2 seconds:0.0
Script duration 122.0
Run total estimated duration= 123.000
script duration name:unknown60_30 seconds:122.0
script duration name:co2 seconds:0.0
Script duration 122.0
Run total estimated duration= 123.000
script duration name:unknown60_30 seconds:122.0
script duration name:co2 seconds:0.0
Script duration 122.0
Run total estimated duration= 123.000
script duration name:unknown60_30 seconds:122.0
script duration name:co2 seconds:0.0
Script duration 122.0
Run total estimated duration= 123.000
script duration name:unknown60_30 seconds:122.0
script duration name:co2 seconds:0.0
Script duration 122.0
Run total estimated duration= 123.000
script duration name:unknown60_30 seconds:122.0
script duration name:co2 seconds:0.0
Script duration 122.0
Run total estimated duration= 123.000
script duration name:unknown60_30 seconds:122.0
script duration name:co2 seconds:0.0
Script duration 122.0
Run total estimated duration= 123.000
script duration name:unknown60_30 seconds:122.0
script duration name:co2 seconds:0.0
Script duration 122.0
Run total estimated duration= 123.000
script duration name:unknown60_30 seconds:122.0
script duration name:co2 seconds:0.0
Script duration 122.0
Run total estimated duration= 123.000
script duration name:unknown60_30 seconds:122.0
script duration name:co2 seconds:0.0
Script duration 122.0
Run total estimated duration= 123.000
script duration name:unknown60_30 seconds:122.0
script duration name:co2 seconds:0.0
Script duration 122.0
Run total estimated duration= 123.000
script duration name:unknown60_30 seconds:122.0
script duration name:co2 seconds:0.0
Script duration 122.0
Run total estimated duration= 123.000
script duration name:unknown60_30 seconds:122.0
script duration name:co2 seconds:0.0
Script duration 122.0
Run total estimated duration= 123.000
script duration name:unknown60_30 seconds:122.0
script duration name:co2 seconds:0.0
Script duration 122.0
Run total estimated duration= 123.000
script duration name:unknown60_30 seconds:122.0
script duration name:co2 seconds:0.0
Script duration 122.0
Run total estimated duration= 123.000
script duration name:unknown60_30 seconds:122.0
script duration name:co2 seconds:0.0
Script duration 122.0
Run total estimated duration= 123.000
script duration name:unknown60_30 seconds:122.0
script duration name:co2 seconds:0.0
Script duration 122.0
Run total estimated duration= 123.000
script duration name:unknown60_30 seconds:122.0
script duration name:co2 seconds:0.0
Script duration 122.0
Run total estimated duration= 123.000
script duration name:unknown60_30 seconds:122.0
script duration name:co2 seconds:0.0
Script duration 122.0
Run total estimated duration= 123.000
script duration name:unknown60_30 seconds:122.0
script duration name:co2 seconds:0.0
Script duration 122.0
Run total estimated duration= 123.000
script duration name:unknown60_30 seconds:122.0
script duration name:co2 seconds:0.0
Script duration 122.0
Run total estimated duration= 123.000
script duration name:unknown60_30 seconds:122.0
script duration name:co2 seconds:0.0
Script duration 122.0
Run total estimated duration= 123.000
script duration name:unknown60_30 seconds:122.0
script duration name:co2 seconds:0.0
Script duration 122.0
Run total estimated duration= 123.000
script duration name:unknown60_30 seconds:122.0
script duration name:co2 seconds:0.0
Script duration 122.0
Run total estimated duration= 123.000
script duration name:unknown60_30 seconds:122.0
script duration name:co2 seconds:0.0
Script duration 122.0
Run total estimated duration= 123.000
script duration name:unknown60_30 seconds:122.0
script duration name:co2 seconds:0.0
Script duration 122.0
Run total estimated duration= 123.000
script duration name:unknown400_120 seconds:556.0
script duration name:sniffair_x2 seconds:250.0
Script duration 806.0
Run total estimated duration= 807.000
script duration name:unknown400_120 seconds:556.0
script duration name:sniffair_x2 seconds:250.0
Script duration 806.0
Run total estimated duration= 807.000
script duration name:unknown400_120 seconds:556.0
script duration name:cocktail_x1 seconds:108.0
Script duration 664.0
Run total estimated duration= 665.000
script duration name:unknown400_120 seconds:556.0
script duration name:cocktail_x1 seconds:108.0
Script duration 664.0
Run total estimated duration= 665.000
script duration name:unknown400_120 seconds:556.0
script duration name:co2 seconds:0.0
Script duration 556.0
Run total estimated duration= 557.000
nruns=220 before=5.0, run_dur=47262.0, btw=6570.0
write rem/ex queues
/Users/jan/PychronDev/experiments/rem/Load1798.rem.txt
/Users/jan/PychronDev/experiments/rem/Load1798.ex.txt
doing event level: 3
